#
# A fatal error has been detected by the Java Runtime Environment:
#
#  Internal Error (jvmciRuntime.cpp:1609), pid=21, tid=48
#  fatal error: Fatal exception in JVMCI: Error calling jdk.vm.ci.services.Services.serializeSavedProperties
#
# JRE version: OpenJDK Runtime Environment GraalVM CE 22.3.0 (17.0.5+8) (build 17.0.5+8-jvmci-22.3-b08)
# Java VM: OpenJDK 64-Bit Server VM GraalVM CE 22.3.0 (17.0.5+8-jvmci-22.3-b08, mixed mode, sharing, tiered, jvmci, jvmci compiler, compressed oops, compressed class ptrs, parallel gc, linux-amd64)
# Problematic frame:
# V  [libjvm.so+0x972714]  JVMCIRuntime::fatal_exception(JVMCIEnv*, char const*)+0x74
#
# Core dump will be written. Default location: Core dumps may be processed with "/usr/share/apport/apport -p%p -s%s -c%c -d%d -P%P -u%u -g%g -- %E" (or dumping to /home/runner/parcial-3/core.21)
#
# If you would like to submit a bug report, please visit:
#   https://github.com/oracle/graal/issues
#

---------------  S U M M A R Y ------------

Command Line: -XX:ThreadPriorityPolicy=1 -XX:+UnlockExperimentalVMOptions -XX:+EnableJVMCIProduct -XX:JVMCIThreadsPerNativeLibraryRuntime=1 -XX:-UnlockExperimentalVMOptions -Declipse.application=org.eclipse.jdt.ls.core.id1 -Dosgi.bundles.defaultStartLevel=4 -Declipse.product=org.eclipse.jdt.ls.core.product -Dlog.level=ALL -Xverify:none -XX:+UseParallelGC -XX:GCTimeRatio=4 -XX:AdaptiveSizePolicyWeight=90 -Dsun.zip.disableMemoryMapping=true -Xmx512m -Xms100m /nix/store/m6gcpi1ii6rghy04cjwjddcavv7i90df-jdt-language-server-1.9.0/share/java/plugins/org.eclipse.equinox.launcher_1.6.400.v20210924-0641.jar --add-modules=ALL-SYSTEM --add-opens java.base/java.util=ALL-UNNAMED --add-opens java.base/java.lang=ALL-UNNAMED -configuration /home/runner/.cache/jdt-language-server/config -data /home/runner/.cache/jdt-language-server/data/home/runner/parcial-3

Host: AMD EPYC 7B12, 8 cores, 1G, Ubuntu 20.04.2 LTS
Time: Mon May 22 13:45:03 2023 UTC elapsed time: 751.557805 seconds (0d 0h 12m 31s)

---------------  T H R E A D  ---------------

Current thread (0x00007f4d000b2200):  JavaThread "JVMCI-native CompilerThread0" daemon [_thread_in_vm, id=48, stack(0x00007f4d04c48000,0x00007f4d04e48000)]


Current CompileTask:
JVMCI-native: 751559 8975       4       com.google.gson.stream.JsonWriter::string (169 bytes)

Stack: [0x00007f4d04c48000,0x00007f4d04e48000],  sp=0x00007f4d04e46380,  free space=2040k
Native frames: (J=compiled Java code, j=interpreted, Vv=VM code, C=native code)
V  [libjvm.so+0x972714]  JVMCIRuntime::fatal_exception(JVMCIEnv*, char const*)+0x74
V  [libjvm.so+0x93e2fe]  JVMCIEnv::copy_saved_properties()+0x14e
V  [libjvm.so+0x9732a9]  JVMCIRuntime::initialize(JVMCIEnv*)+0xb19
V  [libjvm.so+0x9738a2]  JVMCIRuntime::get_HotSpotJVMCIRuntime(JVMCIEnv*)+0x12
V  [libjvm.so+0x9749f2]  JVMCIRuntime::compile_method(JVMCIEnv*, JVMCICompiler*, methodHandle const&, int)+0xd2
V  [libjvm.so+0x5b0d20]  CompileBroker::invoke_compiler_on_method(CompileTask*)+0x1470
V  [libjvm.so+0x5b12e8]  CompileBroker::compiler_thread_loop()+0x528
V  [libjvm.so+0xd82460]  JavaThread::thread_main_inner()+0xd0
V  [libjvm.so+0xd85a40]  Thread::call_run()+0xc0
V  [libjvm.so+0xbdb1e1]  thread_native_entry(Thread*)+0xe1

Register to memory mapping:

RAX=0x00007f4d07d86000 points into unknown readable memory: 0x0000000000000058 | 58 00 00 00 00 00 00 00
RBX=0x00007f4d08e81398: <offset 0x0000000000ef5398> in /nix/store/gpxl5qgg8kicmcvivwmybwjlpf7wh20l-graalvm17-ce-22.3.0/lib/server/libjvm.so at 0x00007f4d07f8c000
RCX=0x00007f4d08e391e8: <offset 0x0000000000ead1e8> in /nix/store/gpxl5qgg8kicmcvivwmybwjlpf7wh20l-graalvm17-ce-22.3.0/lib/server/libjvm.so at 0x00007f4d07f8c000
RDX=0x0000000000000649 is an unknown value
RSP=0x00007f4d04e46380 is pointing into the stack for thread: 0x00007f4d000b2200
RBP=0x00007f4d04e463a0 is pointing into the stack for thread: 0x00007f4d000b2200
RSI=0x00007f4d08e81c48: <offset 0x0000000000ef5c48> in /nix/store/gpxl5qgg8kicmcvivwmybwjlpf7wh20l-graalvm17-ce-22.3.0/lib/server/libjvm.so at 0x00007f4d07f8c000
RDI=0x00000000e0000000 is an oop: java.lang.String 
{0x00000000e0000000} - klass: 'java/lang/String'
 - string: "org.eclipse.osgi.storage.bundlefile.ZipBundleFile"
R8 =0x00007f4d08e81398: <offset 0x0000000000ef5398> in /nix/store/gpxl5qgg8kicmcvivwmybwjlpf7wh20l-graalvm17-ce-22.3.0/lib/server/libjvm.so at 0x00007f4d07f8c000
R9 =0x00007f4d04e46330 is pointing into the stack for thread: 0x00007f4d000b2200
R10=0x00007f4d04e47948 is pointing into the stack for thread: 0x00007f4d000b2200
R11=0x0000000000000293 is an unknown value
R12=0x0 is NULL
R13=0x00007f4d000b2200 is a thread
R14=0x00007f4d00000b80 points into unknown readable memory: 0x00007f4d090b2a38 | 38 2a 0b 09 4d 7f 00 00
R15=0x00007f4d091c0e40: <offset 0x0000000001234e40> in /nix/store/gpxl5qgg8kicmcvivwmybwjlpf7wh20l-graalvm17-ce-22.3.0/lib/server/libjvm.so at 0x00007f4d07f8c000


Registers:
RAX=0x00007f4d07d86000, RBX=0x00007f4d08e81398, RCX=0x00007f4d08e391e8, RDX=0x0000000000000649
RSP=0x00007f4d04e46380, RBP=0x00007f4d04e463a0, RSI=0x00007f4d08e81c48, RDI=0x00000000e0000000
R8 =0x00007f4d08e81398, R9 =0x00007f4d04e46330, R10=0x00007f4d04e47948, R11=0x0000000000000293
R12=0x0000000000000000, R13=0x00007f4d000b2200, R14=0x00007f4d00000b80, R15=0x00007f4d091c0e40
RIP=0x00007f4d088fe714, EFLAGS=0x0000000000010206, CSGSFS=0x002b000000000033, ERR=0x0000000000000006
  TRAPNO=0x000000000000000e

Top of Stack: (sp=0x00007f4d04e46380)
0x00007f4d04e46380:   00007f4d04e46940 00007f4d000b2200
0x00007f4d04e46390:   00007f4d067178c8 0000000800c409d8
0x00007f4d04e463a0:   00007f4d04e46500 00007f4d088ca2fe
0x00007f4d04e463b0:   00007f4d04e463e0 00007f4d04e46440 

Instructions: (pc=0x00007f4d088fe714)
0x00007f4d088fe614:   30 e8 f6 cf e8 ff 4c 89 e7 e8 2e 48 d1 ff 84 db
0x00007f4d088fe624:   75 2a 4d 85 ed 74 04 4d 8b 6d 00 48 83 c4 08 44
0x00007f4d088fe634:   89 f9 4c 89 f2 4c 89 ee 5b 4c 89 e7 41 5c 41 5d
0x00007f4d088fe644:   41 5e 41 5f 5d e9 e2 47 d1 ff 66 90 48 83 c4 08
0x00007f4d088fe654:   5b 41 5c 41 5d 41 5e 41 5f 5d c3 90 31 d2 be 08
0x00007f4d088fe664:   00 00 00 4c 89 ff e8 b1 78 a3 ff 49 89 c5 e9 37
0x00007f4d088fe674:   ff ff ff 66 0f 1f 84 00 00 00 00 00 48 8b 7a 08
0x00007f4d088fe684:   e9 6d ff ff ff 0f 1f 80 00 00 00 00 e8 5b 48 0a
0x00007f4d088fe694:   00 84 c0 75 89 e9 6a ff ff ff 66 90 55 48 89 e5
0x00007f4d088fe6a4:   41 56 41 55 41 54 49 89 fc 53 48 89 f3 66 48 8d
0x00007f4d088fe6b4:   3d 27 5e 85 00 66 66 48 e8 df 43 8d ff 4c 8b 28
0x00007f4d088fe6c4:   8b 05 be 72 8a 00 85 c0 75 14 ba 01 00 00 00 48
0x00007f4d088fe6d4:   8d 0d ae 72 8a 00 f0 0f b1 11 85 c0 74 4e be c8
0x00007f4d088fe6e4:   00 00 00 4c 89 ef e8 01 0b 41 00 48 8d 05 12 ac
0x00007f4d088fe6f4:   85 00 49 89 d8 48 8d 0d e8 aa 53 00 ba 49 06 00
0x00007f4d088fe704:   00 48 8d 35 3c 35 58 00 bf 00 00 00 e0 48 8b 00
0x00007f4d088fe714:   c6 00 58 31 c0 e8 e2 91 c6 ff 5b 41 5c 41 5d 41
0x00007f4d088fe724:   5e 5d e9 55 34 26 00 0f 1f 44 00 00 48 8d 05 81
0x00007f4d088fe734:   a3 8b 00 48 89 df 4c 8b 30 e8 9e 43 8d ff 48 89
0x00007f4d088fe744:   de 48 89 c2 49 8b 06 4c 89 f7 ff 50 08 4c 89 f7
0x00007f4d088fe754:   e8 a7 5c 27 00 4d 85 e4 74 12 be 01 00 00 00 4c
0x00007f4d088fe764:   89 e7 e8 35 43 fc ff eb 82 0f 1f 00 be 01 00 00
0x00007f4d088fe774:   00 4c 89 ef e8 d3 fd ff ff e9 6d ff ff ff 66 66
0x00007f4d088fe784:   2e 0f 1f 84 00 00 00 00 00 0f 1f 00 55 48 89 e5
0x00007f4d088fe794:   41 57 41 56 41 55 41 54 53 48 81 ec 08 02 00 00
0x00007f4d088fe7a4:   64 48 8b 04 25 28 00 00 00 48 89 45 c8 8b 07 83
0x00007f4d088fe7b4:   f8 02 0f 84 11 04 00 00 4c 8b 6f 18 49 89 ff 49
0x00007f4d088fe7c4:   89 f4 4d 85 ed 74 14 4c 89 ef e8 5d 57 22 00 41
0x00007f4d088fe7d4:   8b 07 83 f8 02 0f 84 19 04 00 00 48 8d 1d 9a 06
0x00007f4d088fe7e4:   8a 00 4c 8d 35 0b 3c 58 00 eb 38 90 48 85 d2 7f
0x00007f4d088fe7f4:   0d 48 8d 05 b4 c0 85 00 48 83 38 00 7e 0e 41 8b
0x00007f4d088fe804:   77 2c 4c 89 f7 31 c0 e8 a0 b2 f7 ff 49 8b 7f 18 


Stack slot to memory mapping:
stack at sp + 0 slots: 0x00007f4d04e46940 is pointing into the stack for thread: 0x00007f4d000b2200
stack at sp + 1 slots: 0x00007f4d000b2200 is a thread
stack at sp + 2 slots: 0x00007f4d067178c8 points into unknown readable memory: 0x65730018e552ffff | ff ff 52 e5 18 00 73 65
stack at sp + 3 slots: 0x0000000800c409d8 is a pointer to class: 
jdk.vm.ci.services.Services {0x0000000800c409d8}
 - instance size:     2
 - klass size:        65
 - access:            public final synchronized 
 - state:             fully_initialized
 - name:              'jdk/vm/ci/services/Services'
 - super:             'java/lang/Object'
 - sub:               
 - arrays:            NULL
 - methods:           Array<T>(0x00007f4d0583ceb8)
 - method ordering:   Array<T>(0x0000000800928960)
 - default_methods:   Array<T>(0x0000000000000000)
 - local interfaces:  Array<T>(0x00000008005ce810)
 - trans. interfaces: Array<T>(0x00000008005ce810)
 - constants:         constant pool [427] {0x00007f4d0583bf98} for 'jdk/vm/ci/services/Services' cache=0x00007f4d0583e188
 - class loader data:  loader data: 0x00007f4d000283f0 of 'bootstrap'
 - source file:       'Services.java'
 - class annotations:       Array<T>(0x0000000000000000)
 - class type annotations:  Array<T>(0x0000000000000000)
 - field annotations:       Array<T>(0x0000000000000000)
 - field type annotations:  Array<T>(0x0000000000000000)
 - inner classes:     Array<T>(0x00007f4d0583e158)
 - nest members:     Array<T>(0x00007f4d0583e178)
 - permitted subclasses:     Array<T>(0x00000008005ce7a0)
 - java mirror:       a 'java/lang/Class'{0x00000000e017edf0} = 'jdk/vm/ci/services/Services'
 - vtable length      5  (start addr: 0x0000000800c40ba8)
 - itable length      2 (start addr: 0x0000000800c40bd0)
 - ---- static fields (3 words):
 - public static final 'IS_BUILDING_NATIVE_IMAGE' 'Z' @128 
 - public static final 'IS_IN_NATIVE_IMAGE' 'Z' @129 
 - private static volatile 'savedProperties' 'Ljava/util/Map;' @112 
 - static final 'JVMCI_ENABLED' 'Z' @130 
 - private static final 'servicesCache' 'Ljava/util/Map;' @116 
 - private static final 'MAX_UNICODE_IN_UTF8_LENGTH' 'I' @120 
 - private static final 'MAX_UTF8_PROPERTY_STRING_LENGTH' 'I' @124 
 - ---- non-static fields (0 words):
 - non-static oop maps: 
stack at sp + 4 slots: 0x00007f4d04e46500 is pointing into the stack for thread: 0x00007f4d000b2200
stack at sp + 5 slots: 0x00007f4d088ca2fe: <offset 0x000000000093e2fe> in /nix/store/gpxl5qgg8kicmcvivwmybwjlpf7wh20l-graalvm17-ce-22.3.0/lib/server/libjvm.so at 0x00007f4d07f8c000
stack at sp + 6 slots: 0x00007f4d04e463e0 is pointing into the stack for thread: 0x00007f4d000b2200
stack at sp + 7 slots: 0x00007f4d04e46440 is pointing into the stack for thread: 0x00007f4d000b2200


---------------  P R O C E S S  ---------------

Threads class SMR info:
_java_thread_list=0x00007f4c7004abe0, length=27, elements={
0x00007f4d00026690, 0x00007f4d000a64d0, 0x00007f4d000a7910, 0x00007f4d000ae070,
0x00007f4d000af420, 0x00007f4d000b0810, 0x00007f4d000b2200, 0x00007f4d000b3710,
0x00007f4d000b4770, 0x00007f4d000d7480, 0x00007f4d0011ebb0, 0x00007f4d0031a560,
0x00007f4d0034d510, 0x00007f4d0034faf0, 0x00007f4d0037bb10, 0x00007f4c980326a0,
0x00007f4c982c2860, 0x00007f4c984a0e10, 0x00007f4c9829a1c0, 0x00007f4d00398ba0,
0x00007f4c88007280, 0x00007f4d004b6300, 0x00007f4c882e0810, 0x00007f4c68469dd0,
0x00007f4c684fe3e0, 0x00007f4c70049380, 0x00007f4c7004a430
}

Java Threads: ( => current thread )
  0x00007f4d00026690 JavaThread "main" [_thread_blocked, id=40, stack(0x00007f4d07da7000,0x00007f4d07ea7000)]
  0x00007f4d000a64d0 JavaThread "Reference Handler" daemon [_thread_blocked, id=43, stack(0x00007f4d0552e000,0x00007f4d0562e000)]
  0x00007f4d000a7910 JavaThread "Finalizer" daemon [_thread_blocked, id=44, stack(0x00007f4d0542e000,0x00007f4d0552e000)]
  0x00007f4d000ae070 JavaThread "Signal Dispatcher" daemon [_thread_blocked, id=45, stack(0x00007f4d05048000,0x00007f4d05148000)]
  0x00007f4d000af420 JavaThread "Service Thread" daemon [_thread_blocked, id=46, stack(0x00007f4d04f48000,0x00007f4d05048000)]
  0x00007f4d000b0810 JavaThread "Monitor Deflation Thread" daemon [_thread_blocked, id=47, stack(0x00007f4d04e48000,0x00007f4d04f48000)]
=>0x00007f4d000b2200 JavaThread "JVMCI-native CompilerThread0" daemon [_thread_in_vm, id=48, stack(0x00007f4d04c48000,0x00007f4d04e48000)]
  0x00007f4d000b3710 JavaThread "C1 CompilerThread0" daemon [_thread_blocked, id=49, stack(0x00007f4d04a48000,0x00007f4d04c48000)]
  0x00007f4d000b4770 JavaThread "Sweeper thread" daemon [_thread_blocked, id=50, stack(0x00007f4d04948000,0x00007f4d04a48000)]
  0x00007f4d000d7480 JavaThread "Common-Cleaner" daemon [_thread_blocked, id=51, stack(0x00007f4d04848000,0x00007f4d04948000)]
  0x00007f4d0011ebb0 JavaThread "Notification Thread" daemon [_thread_blocked, id=53, stack(0x00007f4d04748000,0x00007f4d04848000)]
  0x00007f4d0031a560 JavaThread "Active Thread: Equinox Container: 760c8e49-66e3-418e-ab97-78c38acc90e3" [_thread_blocked, id=57, stack(0x00007f4d04400000,0x00007f4d04500000)]
  0x00007f4d0034d510 JavaThread "Framework Event Dispatcher: Equinox Container: 760c8e49-66e3-418e-ab97-78c38acc90e3" daemon [_thread_blocked, id=58, stack(0x00007f4d04200000,0x00007f4d04300000)]
  0x00007f4d0034faf0 JavaThread "Start Level: Equinox Container: 760c8e49-66e3-418e-ab97-78c38acc90e3" daemon [_thread_blocked, id=59, stack(0x00007f4d04000000,0x00007f4d04100000)]
  0x00007f4d0037bb10 JavaThread "Refresh Thread: Equinox Container: 760c8e49-66e3-418e-ab97-78c38acc90e3" daemon [_thread_blocked, id=60, stack(0x00007f4ce73b3000,0x00007f4ce74b3000)]
  0x00007f4c980326a0 JavaThread "SCR Component Actor" daemon [_thread_blocked, id=61, stack(0x00007f4d04300000,0x00007f4d04400000)]
  0x00007f4c982c2860 JavaThread "Worker-JM" [_thread_blocked, id=63, stack(0x00007f4ce4d00000,0x00007f4ce4e00000)]
  0x00007f4c984a0e10 JavaThread "Java indexing" daemon [_thread_blocked, id=66, stack(0x00007f4ce4700000,0x00007f4ce4800000)]
  0x00007f4c9829a1c0 JavaThread "Bundle File Closer" daemon [_thread_blocked, id=67, stack(0x00007f4ce4500000,0x00007f4ce4600000)]
  0x00007f4d00398ba0 JavaThread "pool-3-thread-1" [_thread_blocked, id=68, stack(0x00007f4ce4300000,0x00007f4ce4400000)]
  0x00007f4c88007280 JavaThread "Worker-2: Java indexing... " [_thread_blocked, id=69, stack(0x00007f4ce4100000,0x00007f4ce4200000)]
  0x00007f4d004b6300 JavaThread "pool-2-thread-1" [_thread_blocked, id=70, stack(0x00007f4caed00000,0x00007f4caee00000)]
  0x00007f4c882e0810 JavaThread "Worker-5" [_thread_blocked, id=75, stack(0x00007f4caec00000,0x00007f4caed00000)]
  0x00007f4c68469dd0 JavaThread "Okio Watchdog" daemon [_thread_blocked, id=78, stack(0x00007f4cae700000,0x00007f4cae800000)]
  0x00007f4c684fe3e0 JavaThread "Worker-6" [_thread_blocked, id=81, stack(0x00007f4cae100000,0x00007f4cae200000)]
  0x00007f4c70049380 JavaThread "Thread-4" [_thread_blocked, id=181, stack(0x00007f4cae900000,0x00007f4caea00000)]
  0x00007f4c7004a430 JavaThread "Thread-5" [_thread_blocked, id=182, stack(0x00007f4cae500000,0x00007f4cae600000)]

Other Threads:
  0x00007f4d000a1c10 VMThread "VM Thread" [stack: 0x00007f4d05630000,0x00007f4d05730000] [id=42] _threads_hazard_ptr=0x00007f4c7004abe0
  0x00007f4d00120550 WatcherThread [stack: 0x00007f4d04648000,0x00007f4d04748000] [id=54]
  0x00007f4d0003df30 GCTaskThread "GC Thread#0" [stack: 0x00007f4d0796a000,0x00007f4d07a6a000] [id=41]

Threads with active compile tasks:
JVMCI-native CompilerThread0   751627 8975       4       com.google.gson.stream.JsonWriter::string (169 bytes)

VM state: synchronizing (normal execution)

VM Mutex/Monitor currently owned by a thread:  ([mutex/lock_event])
[0x00007f4d00023840] Threads_lock - owner thread: 0x00007f4d000a1c10
[0x00007f4d00023ff0] Heap_lock - owner thread: 0x00007f4c984a0e10

OutOfMemory and StackOverflow Exception counts:
OutOfMemoryError java_heap_errors=3
LinkageErrors=73

Heap address: 0x00000000e0000000, size: 512 MB, Compressed Oops mode: 32-bit

CDS archive(s) mapped at: [0x0000000800000000-0x0000000800bc8000-0x0000000800bc8000), size 12353536, SharedBaseAddress: 0x0000000800000000, ArchiveRelocationMode: 0.
Compressed class space mapped at: 0x0000000800c00000-0x0000000840c00000, reserved size: 1073741824
Narrow klass base: 0x0000000800000000, Narrow klass shift: 0, Narrow klass range: 0x100000000

GC Precious Log:
 CPUs: 8 total, 1 available
 Memory: 1024M
 Large Page Support: Disabled
 NUMA Support: Disabled
 Compressed Oops: Enabled (32-bit)
 Alignments: Space 512K, Generation 512K, Heap 2M
 Heap Min Capacity: 100M
 Heap Initial Capacity: 100M
 Heap Max Capacity: 512M
 Pre-touch: Disabled
 Parallel Workers: 1

Heap:
 PSYoungGen      total 51200K, used 36863K [0x00000000f5580000, 0x00000000f9700000, 0x0000000100000000)
  eden space 36864K, 99% used [0x00000000f5580000,0x00000000f797fff8,0x00000000f7980000)
  from space 14336K, 0% used [0x00000000f7980000,0x00000000f7980000,0x00000000f8780000)
  to   space 11776K, 0% used [0x00000000f8780000,0x00000000f8780000,0x00000000f9300000)
 ParOldGen       total 349696K, used 349694K [0x00000000e0000000, 0x00000000f5580000, 0x00000000f5580000)
  object space 349696K, 99% used [0x00000000e0000000,0x00000000f557faa0,0x00000000f5580000)
 Metaspace       used 60280K, committed 61312K, reserved 1105920K
  class space    used 5966K, committed 6336K, reserved 1048576K

Card table byte_map: [0x00007f4d07a6a000,0x00007f4d07b6b000] _byte_map_base: 0x00007f4d0736a000

Marking Bits: (ParMarkBitMap*) 0x00007f4d091ba4c0
 Begin Bits: [0x00007f4d068bd000, 0x00007f4d070bd000)
 End Bits:   [0x00007f4d070bd000, 0x00007f4d078bd000)

Polling page: 0x00007f4d07d84000

Metaspace:

Usage:
  Non-class:     53.04 MB used.
      Class:      5.83 MB used.
       Both:     58.87 MB used.

Virtual space:
  Non-class space:       56.00 MB reserved,      53.69 MB ( 96%) committed,  7 nodes.
      Class space:        1.00 GB reserved,       6.19 MB ( <1%) committed,  1 nodes.
             Both:        1.05 GB reserved,      59.88 MB (  6%) committed. 

Chunk freelists:
   Non-Class:  1.99 MB
       Class:  1.87 MB
        Both:  3.85 MB

MaxMetaspaceSize: unlimited
CompressedClassSpaceSize: 1.00 GB
Initial GC threshold: 21.00 MB
Current GC threshold: 99.81 MB
CDS: on
MetaspaceReclaimPolicy: balanced
 - commit_granule_bytes: 65536.
 - commit_granule_words: 8192.
 - virtual_space_node_default_size: 1048576.
 - enlarge_chunks_in_place: 1.
 - new_chunks_are_fully_committed: 0.
 - uncommit_free_chunks: 1.
 - use_allocation_guard: 0.
 - handle_deallocations: 1.


Internal statistics:

num_allocs_failed_limit: 6.
num_arena_births: 498.
num_arena_deaths: 150.
num_vsnodes_births: 8.
num_vsnodes_deaths: 0.
num_space_committed: 957.
num_space_uncommitted: 0.
num_chunks_returned_to_freelist: 211.
num_chunks_taken_from_freelist: 2819.
num_chunk_merges: 85.
num_chunk_splits: 1872.
num_chunks_enlarged: 1204.
num_purges: 2.
num_inconsistent_stats: 0.

CodeHeap 'non-profiled nmethods': size=120036Kb used=2731Kb max_used=2731Kb free=117304Kb
 bounds [0x00007f4ceef7a000, 0x00007f4cef22a000, 0x00007f4cf64b3000]
CodeHeap 'profiled nmethods': size=120032Kb used=14397Kb max_used=15868Kb free=105634Kb
 bounds [0x00007f4ce7a42000, 0x00007f4ce89e2000, 0x00007f4ceef7a000]
CodeHeap 'non-nmethods': size=5692Kb used=1394Kb max_used=1413Kb free=4297Kb
 bounds [0x00007f4ce74b3000, 0x00007f4ce7723000, 0x00007f4ce7a42000]
 total_blobs=7812 nmethods=7081 adapters=632
 compilation: enabled
              stopped_count=0, restarted_count=0
 full_count=0

JVMCI Events (20 events):
Event: 516.081 Thread 0x00007f4d000b2200 destroyed JavaVM[4]@0x00007f4cad99e340 for JVMCI runtime 0
Event: 516.081 Thread 0x00007f4d000b2200 compacted oop handles in JVMCI runtime 0 from 54 to 54
Event: 516.081 Thread 0x00007f4d000b2200 releasing handles for JVMCI runtime 0: oop handles=54, metadata handles={total=224, live=220, blocks=38}
Event: 516.081 Thread 0x00007f4d000b2200 detached from JVMCI runtime 0
Event: 597.416 Thread 0x00007f4d000b2200 attached to JVMCI runtime 0
Event: 597.417 Thread 0x00007f4d000b2200 created JavaVM[5]@0x00007f4cad99e340 for JVMCI runtime 0
Event: 598.604 Thread 0x00007f4d000b2200 initializing JVMCI runtime 0
Event: 598.604 Thread 0x00007f4d000b2200 done waiting for JavaVM references initialization in JVMCI runtime 0
Event: 623.053 Thread 0x00007f4d000b2200 initialized JVMCI runtime 0
Event: 635.851 Thread 0x00007f4d000b2200 detaching from JVMCI runtime 0: releasing idle compiler thread (0 other threads still attached)
Event: 635.851 Thread 0x00007f4d000b2200 shutting down HotSpotJVMCIRuntime for JVMCI runtime 0
Event: 637.161 Thread 0x00007f4d000b2200 shut down JVMCI runtime 0
Event: 638.486 Thread 0x00007f4d000b2200 destroyed JavaVM[5]@0x00007f4cad99e340 for JVMCI runtime 0
Event: 638.486 Thread 0x00007f4d000b2200 compacted oop handles in JVMCI runtime 0 from 54 to 54
Event: 638.486 Thread 0x00007f4d000b2200 releasing handles for JVMCI runtime 0: oop handles=54, metadata handles={total=100, live=99, blocks=38}
Event: 638.486 Thread 0x00007f4d000b2200 detached from JVMCI runtime 0
Event: 711.764 Thread 0x00007f4d000b2200 attached to JVMCI runtime 0
Event: 711.766 Thread 0x00007f4d000b2200 created JavaVM[6]@0x00007f4cad99e340 for JVMCI runtime 0
Event: 711.766 Thread 0x00007f4d000b2200 initializing JVMCI runtime 0
Event: 711.766 Thread 0x00007f4d000b2200 done waiting for JavaVM references initialization in JVMCI runtime 0

Compilation events (20 events):
Event: 620.179 Thread 0x00007f4d000b3710 8971       3       org.eclipse.jdt.internal.compiler.parser.Scanner::scanEscapeCharacter (429 bytes)
Event: 620.179 Thread 0x00007f4d000b3710 nmethod 8971 0x00007f4ce7c30310 code [0x00007f4ce7c30620, 0x00007f4ce7c31a30]
Event: 620.179 Thread 0x00007f4d000b3710 8973       1       org.eclipse.jdt.internal.compiler.ast.AbstractMethodDeclaration::isAnnotationMethod (2 bytes)
Event: 620.179 Thread 0x00007f4d000b3710 nmethod 8973 0x00007f4cef223110 code [0x00007f4cef2232a0, 0x00007f4cef223370]
Event: 630.071 Thread 0x00007f4d000b2200 nmethod 8964% 0x00007f4cef223410 code [0x00007f4cef2235a0, 0x00007f4cef2238e8]
Event: 630.071 Thread 0x00007f4d000b2200 8970       4       org.eclipse.jdt.internal.core.util.Util::indexOfJavaLikeExtension (112 bytes)
Event: 631.364 Thread 0x00007f4d000b2200 nmethod 8970 0x00007f4cef223a90 code [0x00007f4cef223c40, 0x00007f4cef223f60]
Event: 631.364 Thread 0x00007f4d000b2200 8967       4       org.eclipse.jdt.internal.compiler.parser.Scanner::isInModuleDeclaration (37 bytes)
Event: 633.525 Thread 0x00007f4d000b2200 nmethod 8967 0x00007f4cef224210 code [0x00007f4cef224380, 0x00007f4cef224480]
Event: 633.525 Thread 0x00007f4d000b2200 8966       4       org.eclipse.core.runtime.Assert::isNotNull (29 bytes)
Event: 634.646 Thread 0x00007f4d000b2200 nmethod 8966 0x00007f4cef224590 code [0x00007f4cef224700, 0x00007f4cef224750]
Event: 657.264 Thread 0x00007f4d000b3710 8974       1       org.eclipse.jdt.internal.compiler.lookup.SourceTypeBinding::isRecord (5 bytes)
Event: 657.264 Thread 0x00007f4d000b3710 nmethod 8974 0x00007f4cef224890 code [0x00007f4cef224a20, 0x00007f4cef224af0]
Event: 711.764 Thread 0x00007f4d000b2200 8975       4       com.google.gson.stream.JsonWriter::string (169 bytes)
Event: 714.261 Thread 0x00007f4d000b3710 8978       3       org.eclipse.jdt.internal.compiler.lookup.SourceTypeBinding::kind (31 bytes)
Event: 715.438 Thread 0x00007f4d000b3710 nmethod 8978 0x00007f4ce864e910 code [0x00007f4ce864eb00, 0x00007f4ce864f6e0]
Event: 715.438 Thread 0x00007f4d000b3710 8977       1       org.eclipse.jdt.internal.compiler.lookup.TypeBinding::isParameterizedType (2 bytes)
Event: 715.438 Thread 0x00007f4d000b3710 nmethod 8977 0x00007f4cef224b90 code [0x00007f4cef224d20, 0x00007f4cef224df0]
Event: 725.775 Thread 0x00007f4d000b3710 8979   !   3       org.eclipse.jdt.internal.core.ClassFile::existsUsingJarTypeCache (161 bytes)
Event: 725.776 Thread 0x00007f4d000b3710 nmethod 8979 0x00007f4ce7f57e90 code [0x00007f4ce7f581a0, 0x00007f4ce7f5aa50]

GC Heap History (20 events):
Event: 739.190 GC heap before
{Heap before GC invocations=621 (full 528):
 PSYoungGen      total 51200K, used 36863K [0x00000000f5580000, 0x00000000f9700000, 0x0000000100000000)
  eden space 36864K, 99% used [0x00000000f5580000,0x00000000f797fff8,0x00000000f7980000)
  from space 14336K, 0% used [0x00000000f7980000,0x00000000f7980000,0x00000000f8780000)
  to   space 11776K, 0% used [0x00000000f8780000,0x00000000f8780000,0x00000000f9300000)
 ParOldGen       total 349696K, used 349695K [0x00000000e0000000, 0x00000000f5580000, 0x00000000f5580000)
  object space 349696K, 99% used [0x00000000e0000000,0x00000000f557fff0,0x00000000f5580000)
 Metaspace       used 60280K, committed 61312K, reserved 1105920K
  class space    used 5966K, committed 6336K, reserved 1048576K
}
Event: 740.380 GC heap after
{Heap after GC invocations=621 (full 528):
 PSYoungGen      total 48640K, used 36863K [0x00000000f5580000, 0x00000000f9700000, 0x0000000100000000)
  eden space 36864K, 99% used [0x00000000f5580000,0x00000000f797fff8,0x00000000f7980000)
  from space 11776K, 0% used [0x00000000f8780000,0x00000000f8780000,0x00000000f9300000)
  to   space 14336K, 0% used [0x00000000f7980000,0x00000000f7980000,0x00000000f8780000)
 ParOldGen       total 349696K, used 349695K [0x00000000e0000000, 0x00000000f5580000, 0x00000000f5580000)
  object space 349696K, 99% used [0x00000000e0000000,0x00000000f557fff0,0x00000000f5580000)
 Metaspace       used 60280K, committed 61312K, reserved 1105920K
  class space    used 5966K, committed 6336K, reserved 1048576K
}
Event: 740.380 GC heap before
{Heap before GC invocations=622 (full 529):
 PSYoungGen      total 48640K, used 36863K [0x00000000f5580000, 0x00000000f9700000, 0x0000000100000000)
  eden space 36864K, 99% used [0x00000000f5580000,0x00000000f797fff8,0x00000000f7980000)
  from space 11776K, 0% used [0x00000000f8780000,0x00000000f8780000,0x00000000f9300000)
  to   space 14336K, 0% used [0x00000000f7980000,0x00000000f7980000,0x00000000f8780000)
 ParOldGen       total 349696K, used 349695K [0x00000000e0000000, 0x00000000f5580000, 0x00000000f5580000)
  object space 349696K, 99% used [0x00000000e0000000,0x00000000f557fff0,0x00000000f5580000)
 Metaspace       used 60280K, committed 61312K, reserved 1105920K
  class space    used 5966K, committed 6336K, reserved 1048576K
}
Event: 741.651 GC heap after
{Heap after GC invocations=622 (full 529):
 PSYoungGen      total 51200K, used 36863K [0x00000000f5580000, 0x00000000f9700000, 0x0000000100000000)
  eden space 36864K, 99% used [0x00000000f5580000,0x00000000f797fff8,0x00000000f7980000)
  from space 14336K, 0% used [0x00000000f7980000,0x00000000f7980000,0x00000000f8780000)
  to   space 11776K, 0% used [0x00000000f8780000,0x00000000f8780000,0x00000000f9300000)
 ParOldGen       total 349696K, used 349695K [0x00000000e0000000, 0x00000000f5580000, 0x00000000f5580000)
  object space 349696K, 99% used [0x00000000e0000000,0x00000000f557fff0,0x00000000f5580000)
 Metaspace       used 60280K, committed 61312K, reserved 1105920K
  class space    used 5966K, committed 6336K, reserved 1048576K
}
Event: 741.653 GC heap before
{Heap before GC invocations=623 (full 530):
 PSYoungGen      total 51200K, used 36863K [0x00000000f5580000, 0x00000000f9700000, 0x0000000100000000)
  eden space 36864K, 99% used [0x00000000f5580000,0x00000000f797fff8,0x00000000f7980000)
  from space 14336K, 0% used [0x00000000f7980000,0x00000000f7980000,0x00000000f8780000)
  to   space 11776K, 0% used [0x00000000f8780000,0x00000000f8780000,0x00000000f9300000)
 ParOldGen       total 349696K, used 349695K [0x00000000e0000000, 0x00000000f5580000, 0x00000000f5580000)
  object space 349696K, 99% used [0x00000000e0000000,0x00000000f557fff0,0x00000000f5580000)
 Metaspace       used 60280K, committed 61312K, reserved 1105920K
  class space    used 5966K, committed 6336K, reserved 1048576K
}
Event: 743.087 GC heap after
{Heap after GC invocations=623 (full 530):
 PSYoungGen      total 48640K, used 36863K [0x00000000f5580000, 0x00000000f9700000, 0x0000000100000000)
  eden space 36864K, 99% used [0x00000000f5580000,0x00000000f797ffd8,0x00000000f7980000)
  from space 11776K, 0% used [0x00000000f8780000,0x00000000f8780000,0x00000000f9300000)
  to   space 14336K, 0% used [0x00000000f7980000,0x00000000f7980000,0x00000000f8780000)
 ParOldGen       total 349696K, used 349693K [0x00000000e0000000, 0x00000000f5580000, 0x00000000f5580000)
  object space 349696K, 99% used [0x00000000e0000000,0x00000000f557f7f8,0x00000000f5580000)
 Metaspace       used 60280K, committed 61312K, reserved 1105920K
  class space    used 5966K, committed 6336K, reserved 1048576K
}
Event: 743.087 GC heap before
{Heap before GC invocations=624 (full 531):
 PSYoungGen      total 48640K, used 36863K [0x00000000f5580000, 0x00000000f9700000, 0x0000000100000000)
  eden space 36864K, 99% used [0x00000000f5580000,0x00000000f797fff0,0x00000000f7980000)
  from space 11776K, 0% used [0x00000000f8780000,0x00000000f8780000,0x00000000f9300000)
  to   space 14336K, 0% used [0x00000000f7980000,0x00000000f7980000,0x00000000f8780000)
 ParOldGen       total 349696K, used 349693K [0x00000000e0000000, 0x00000000f5580000, 0x00000000f5580000)
  object space 349696K, 99% used [0x00000000e0000000,0x00000000f557f7f8,0x00000000f5580000)
 Metaspace       used 60280K, committed 61312K, reserved 1105920K
  class space    used 5966K, committed 6336K, reserved 1048576K
}
Event: 744.298 GC heap after
{Heap after GC invocations=624 (full 531):
 PSYoungGen      total 51200K, used 36863K [0x00000000f5580000, 0x00000000f9700000, 0x0000000100000000)
  eden space 36864K, 99% used [0x00000000f5580000,0x00000000f797fff0,0x00000000f7980000)
  from space 14336K, 0% used [0x00000000f7980000,0x00000000f7980000,0x00000000f8780000)
  to   space 11776K, 0% used [0x00000000f8780000,0x00000000f8780000,0x00000000f9300000)
 ParOldGen       total 349696K, used 349693K [0x00000000e0000000, 0x00000000f5580000, 0x00000000f5580000)
  object space 349696K, 99% used [0x00000000e0000000,0x00000000f557f7f8,0x00000000f5580000)
 Metaspace       used 60280K, committed 61312K, reserved 1105920K
  class space    used 5966K, committed 6336K, reserved 1048576K
}
Event: 744.298 GC heap before
{Heap before GC invocations=625 (full 532):
 PSYoungGen      total 51200K, used 36864K [0x00000000f5580000, 0x00000000f9700000, 0x0000000100000000)
  eden space 36864K, 100% used [0x00000000f5580000,0x00000000f7980000,0x00000000f7980000)
  from space 14336K, 0% used [0x00000000f7980000,0x00000000f7980000,0x00000000f8780000)
  to   space 11776K, 0% used [0x00000000f8780000,0x00000000f8780000,0x00000000f9300000)
 ParOldGen       total 349696K, used 349695K [0x00000000e0000000, 0x00000000f5580000, 0x00000000f5580000)
  object space 349696K, 99% used [0x00000000e0000000,0x00000000f557ffd8,0x00000000f5580000)
 Metaspace       used 60280K, committed 61312K, reserved 1105920K
  class space    used 5966K, committed 6336K, reserved 1048576K
}
Event: 745.476 GC heap after
{Heap after GC invocations=625 (full 532):
 PSYoungGen      total 48640K, used 36863K [0x00000000f5580000, 0x00000000f9700000, 0x0000000100000000)
  eden space 36864K, 99% used [0x00000000f5580000,0x00000000f797ffe8,0x00000000f7980000)
  from space 11776K, 0% used [0x00000000f8780000,0x00000000f8780000,0x00000000f9300000)
  to   space 14336K, 0% used [0x00000000f7980000,0x00000000f7980000,0x00000000f8780000)
 ParOldGen       total 349696K, used 349694K [0x00000000e0000000, 0x00000000f5580000, 0x00000000f5580000)
  object space 349696K, 99% used [0x00000000e0000000,0x00000000f557fae8,0x00000000f5580000)
 Metaspace       used 60280K, committed 61312K, reserved 1105920K
  class space    used 5966K, committed 6336K, reserved 1048576K
}
Event: 745.480 GC heap before
{Heap before GC invocations=626 (full 533):
 PSYoungGen      total 48640K, used 36864K [0x00000000f5580000, 0x00000000f9700000, 0x0000000100000000)
  eden space 36864K, 100% used [0x00000000f5580000,0x00000000f7980000,0x00000000f7980000)
  from space 11776K, 0% used [0x00000000f8780000,0x00000000f8780000,0x00000000f9300000)
  to   space 14336K, 0% used [0x00000000f7980000,0x00000000f7980000,0x00000000f8780000)
 ParOldGen       total 349696K, used 349695K [0x00000000e0000000, 0x00000000f5580000, 0x00000000f5580000)
  object space 349696K, 99% used [0x00000000e0000000,0x00000000f557fca0,0x00000000f5580000)
 Metaspace       used 60280K, committed 61312K, reserved 1105920K
  class space    used 5966K, committed 6336K, reserved 1048576K
}
Event: 746.627 GC heap after
{Heap after GC invocations=626 (full 533):
 PSYoungGen      total 51200K, used 36864K [0x00000000f5580000, 0x00000000f9700000, 0x0000000100000000)
  eden space 36864K, 100% used [0x00000000f5580000,0x00000000f7980000,0x00000000f7980000)
  from space 14336K, 0% used [0x00000000f7980000,0x00000000f7980000,0x00000000f8780000)
  to   space 11776K, 0% used [0x00000000f8780000,0x00000000f8780000,0x00000000f9300000)
 ParOldGen       total 349696K, used 349694K [0x00000000e0000000, 0x00000000f5580000, 0x00000000f5580000)
  object space 349696K, 99% used [0x00000000e0000000,0x00000000f557fba0,0x00000000f5580000)
 Metaspace       used 60280K, committed 61312K, reserved 1105920K
  class space    used 5966K, committed 6336K, reserved 1048576K
}
Event: 746.627 GC heap before
{Heap before GC invocations=627 (full 534):
 PSYoungGen      total 51200K, used 36864K [0x00000000f5580000, 0x00000000f9700000, 0x0000000100000000)
  eden space 36864K, 100% used [0x00000000f5580000,0x00000000f7980000,0x00000000f7980000)
  from space 14336K, 0% used [0x00000000f7980000,0x00000000f7980000,0x00000000f8780000)
  to   space 11776K, 0% used [0x00000000f8780000,0x00000000f8780000,0x00000000f9300000)
 ParOldGen       total 349696K, used 349695K [0x00000000e0000000, 0x00000000f5580000, 0x00000000f5580000)
  object space 349696K, 99% used [0x00000000e0000000,0x00000000f557ff30,0x00000000f5580000)
 Metaspace       used 60280K, committed 61312K, reserved 1105920K
  class space    used 5966K, committed 6336K, reserved 1048576K
}
Event: 747.829 GC heap after
{Heap after GC invocations=627 (full 534):
 PSYoungGen      total 48640K, used 36864K [0x00000000f5580000, 0x00000000f9700000, 0x0000000100000000)
  eden space 36864K, 100% used [0x00000000f5580000,0x00000000f7980000,0x00000000f7980000)
  from space 11776K, 0% used [0x00000000f8780000,0x00000000f8780000,0x00000000f9300000)
  to   space 14336K, 0% used [0x00000000f7980000,0x00000000f7980000,0x00000000f8780000)
 ParOldGen       total 349696K, used 349695K [0x00000000e0000000, 0x00000000f5580000, 0x00000000f5580000)
  object space 349696K, 99% used [0x00000000e0000000,0x00000000f557fc20,0x00000000f5580000)
 Metaspace       used 60280K, committed 61312K, reserved 1105920K
  class space    used 5966K, committed 6336K, reserved 1048576K
}
Event: 747.829 GC heap before
{Heap before GC invocations=628 (full 535):
 PSYoungGen      total 48640K, used 36864K [0x00000000f5580000, 0x00000000f9700000, 0x0000000100000000)
  eden space 36864K, 100% used [0x00000000f5580000,0x00000000f7980000,0x00000000f7980000)
  from space 11776K, 0% used [0x00000000f8780000,0x00000000f8780000,0x00000000f9300000)
  to   space 14336K, 0% used [0x00000000f7980000,0x00000000f7980000,0x00000000f8780000)
 ParOldGen       total 349696K, used 349695K [0x00000000e0000000, 0x00000000f5580000, 0x00000000f5580000)
  object space 349696K, 99% used [0x00000000e0000000,0x00000000f557fc20,0x00000000f5580000)
 Metaspace       used 60280K, committed 61312K, reserved 1105920K
  class space    used 5966K, committed 6336K, reserved 1048576K
}
Event: 748.980 GC heap after
{Heap after GC invocations=628 (full 535):
 PSYoungGen      total 51200K, used 36864K [0x00000000f5580000, 0x00000000f9700000, 0x0000000100000000)
  eden space 36864K, 100% used [0x00000000f5580000,0x00000000f7980000,0x00000000f7980000)
  from space 14336K, 0% used [0x00000000f7980000,0x00000000f7980000,0x00000000f8780000)
  to   space 11776K, 0% used [0x00000000f8780000,0x00000000f8780000,0x00000000f9300000)
 ParOldGen       total 349696K, used 349695K [0x00000000e0000000, 0x00000000f5580000, 0x00000000f5580000)
  object space 349696K, 99% used [0x00000000e0000000,0x00000000f557fc20,0x00000000f5580000)
 Metaspace       used 60280K, committed 61312K, reserved 1105920K
  class space    used 5966K, committed 6336K, reserved 1048576K
}
Event: 748.981 GC heap before
{Heap before GC invocations=629 (full 536):
 PSYoungGen      total 51200K, used 36864K [0x00000000f5580000, 0x00000000f9700000, 0x0000000100000000)
  eden space 36864K, 100% used [0x00000000f5580000,0x00000000f7980000,0x00000000f7980000)
  from space 14336K, 0% used [0x00000000f7980000,0x00000000f7980000,0x00000000f8780000)
  to   space 11776K, 0% used [0x00000000f8780000,0x00000000f8780000,0x00000000f9300000)
 ParOldGen       total 349696K, used 349695K [0x00000000e0000000, 0x00000000f5580000, 0x00000000f5580000)
  object space 349696K, 99% used [0x00000000e0000000,0x00000000f557fc98,0x00000000f5580000)
 Metaspace       used 60280K, committed 61312K, reserved 1105920K
  class space    used 5966K, committed 6336K, reserved 1048576K
}
Event: 750.340 GC heap after
{Heap after GC invocations=629 (full 536):
 PSYoungGen      total 48640K, used 36863K [0x00000000f5580000, 0x00000000f9700000, 0x0000000100000000)
  eden space 36864K, 99% used [0x00000000f5580000,0x00000000f797ffe0,0x00000000f7980000)
  from space 11776K, 0% used [0x00000000f8780000,0x00000000f8780000,0x00000000f9300000)
  to   space 14336K, 0% used [0x00000000f7980000,0x00000000f7980000,0x00000000f8780000)
 ParOldGen       total 349696K, used 349694K [0x00000000e0000000, 0x00000000f5580000, 0x00000000f5580000)
  object space 349696K, 99% used [0x00000000e0000000,0x00000000f557f9c8,0x00000000f5580000)
 Metaspace       used 60280K, committed 61312K, reserved 1105920K
  class space    used 5966K, committed 6336K, reserved 1048576K
}
Event: 750.340 GC heap before
{Heap before GC invocations=630 (full 537):
 PSYoungGen      total 48640K, used 36863K [0x00000000f5580000, 0x00000000f9700000, 0x0000000100000000)
  eden space 36864K, 99% used [0x00000000f5580000,0x00000000f797ffe0,0x00000000f7980000)
  from space 11776K, 0% used [0x00000000f8780000,0x00000000f8780000,0x00000000f9300000)
  to   space 14336K, 0% used [0x00000000f7980000,0x00000000f7980000,0x00000000f8780000)
 ParOldGen       total 349696K, used 349694K [0x00000000e0000000, 0x00000000f5580000, 0x00000000f5580000)
  object space 349696K, 99% used [0x00000000e0000000,0x00000000f557f9c8,0x00000000f5580000)
 Metaspace       used 60280K, committed 61312K, reserved 1105920K
  class space    used 5966K, committed 6336K, reserved 1048576K
}
Event: 751.535 GC heap after
{Heap after GC invocations=630 (full 537):
 PSYoungGen      total 51200K, used 36863K [0x00000000f5580000, 0x00000000f9700000, 0x0000000100000000)
  eden space 36864K, 99% used [0x00000000f5580000,0x00000000f797ffe0,0x00000000f7980000)
  from space 14336K, 0% used [0x00000000f7980000,0x00000000f7980000,0x00000000f8780000)
  to   space 11776K, 0% used [0x00000000f8780000,0x00000000f8780000,0x00000000f9300000)
 ParOldGen       total 349696K, used 349694K [0x00000000e0000000, 0x00000000f5580000, 0x00000000f5580000)
  object space 349696K, 99% used [0x00000000e0000000,0x00000000f557f9c8,0x00000000f5580000)
 Metaspace       used 60280K, committed 61312K, reserved 1105920K
  class space    used 5966K, committed 6336K, reserved 1048576K
}

Dll operation events (9 events):
Event: 0.002 Loaded shared library /nix/store/gpxl5qgg8kicmcvivwmybwjlpf7wh20l-graalvm17-ce-22.3.0/lib/libjava.so
Event: 0.022 Loaded shared library /nix/store/gpxl5qgg8kicmcvivwmybwjlpf7wh20l-graalvm17-ce-22.3.0/lib/libjsvml.so
Event: 0.347 Loaded shared library /nix/store/gpxl5qgg8kicmcvivwmybwjlpf7wh20l-graalvm17-ce-22.3.0/lib/libnio.so
Event: 0.349 Loaded shared library /nix/store/gpxl5qgg8kicmcvivwmybwjlpf7wh20l-graalvm17-ce-22.3.0/lib/libjvmcicompiler.so
Event: 0.376 Loaded shared library /nix/store/gpxl5qgg8kicmcvivwmybwjlpf7wh20l-graalvm17-ce-22.3.0/lib/libzip.so
Event: 0.974 Loaded shared library /nix/store/gpxl5qgg8kicmcvivwmybwjlpf7wh20l-graalvm17-ce-22.3.0/lib/libjimage.so
Event: 1.447 Loaded shared library /nix/store/gpxl5qgg8kicmcvivwmybwjlpf7wh20l-graalvm17-ce-22.3.0/lib/libnet.so
Event: 4.550 Loaded shared library /home/runner/.cache/jdt-language-server/config/org.eclipse.equinox.launcher/org.eclipse.equinox.launcher.gtk.linux.x86_64_1.2.400.v20211117-0650/eclipse_11600.so
Event: 12.899 Loaded shared library /nix/store/gpxl5qgg8kicmcvivwmybwjlpf7wh20l-graalvm17-ce-22.3.0/lib/libextnet.so

Deoptimization events (20 events):
Event: 62.831 Thread 0x00007f4c984a0e10 DEOPT PACKING pc=0x00007f4ce7cfbd85 sp=0x00007f4ce47fe530
Event: 62.831 Thread 0x00007f4c984a0e10 DEOPT UNPACKING pc=0x00007f4ce7505325 sp=0x00007f4ce47fda20 mode 0
Event: 62.866 Thread 0x00007f4c984a0e10 DEOPT PACKING pc=0x00007f4ce7cfbd85 sp=0x00007f4ce47fe530
Event: 62.866 Thread 0x00007f4c984a0e10 DEOPT UNPACKING pc=0x00007f4ce7505325 sp=0x00007f4ce47fda20 mode 0
Event: 62.875 Thread 0x00007f4c984a0e10 DEOPT PACKING pc=0x00007f4ce7cfbd85 sp=0x00007f4ce47fe530
Event: 62.875 Thread 0x00007f4c984a0e10 DEOPT UNPACKING pc=0x00007f4ce7505325 sp=0x00007f4ce47fda20 mode 0
Event: 62.877 Thread 0x00007f4c984a0e10 DEOPT PACKING pc=0x00007f4ce7cfbd85 sp=0x00007f4ce47fe530
Event: 62.877 Thread 0x00007f4c984a0e10 DEOPT UNPACKING pc=0x00007f4ce7505325 sp=0x00007f4ce47fda20 mode 0
Event: 62.933 Thread 0x00007f4c984a0e10 DEOPT PACKING pc=0x00007f4ce7cfbd85 sp=0x00007f4ce47fe530
Event: 62.933 Thread 0x00007f4c984a0e10 DEOPT UNPACKING pc=0x00007f4ce7505325 sp=0x00007f4ce47fda20 mode 0
Event: 476.553 Thread 0x00007f4d000b2200 DEOPT PACKING pc=0x00007f4ce8659458 sp=0x00007f4d04e45ef0
Event: 476.553 Thread 0x00007f4d000b2200 DEOPT UNPACKING pc=0x00007f4ce7505325 sp=0x00007f4d04e45458 mode 0
Event: 699.813 Thread 0x00007f4c70049380 Uncommon trap: trap_request=0xffffffed fr.pc=0x00007f4cef0c5822 relative=0x0000000000000082
Event: 699.813 Thread 0x00007f4c70049380 Uncommon trap: reason=null_assert_or_unreached0 action=reinterpret pc=0x00007f4cef0c5822 method=org.eclipse.jdt.internal.compiler.classfmt.MethodInfo.getExceptionTypeNames()[[C @ 4 jvmci
Event: 699.813 Thread 0x00007f4c70049380 DEOPT PACKING pc=0x00007f4cef0c5822 sp=0x00007f4cae9fd840
Event: 699.813 Thread 0x00007f4c70049380 DEOPT UNPACKING pc=0x00007f4ce7505325 sp=0x00007f4cae9fcce0 mode 3
Event: 748.981 Thread 0x00007f4d000b2200 Uncommon trap: trap_request=0xffffff8f fr.pc=0x00007f4cef04b39b relative=0x000000000000017b
Event: 748.981 Thread 0x00007f4d000b2200 Uncommon trap: reason=constraint action=none pc=0x00007f4cef04b39b method=java.io.ByteArrayOutputStream.<init>(I)V @ 0 jvmci
Event: 748.981 Thread 0x00007f4d000b2200 DEOPT PACKING pc=0x00007f4cef04b39b sp=0x00007f4d04e46020
Event: 748.981 Thread 0x00007f4d000b2200 DEOPT UNPACKING pc=0x00007f4ce7505325 sp=0x00007f4d04e454c8 mode 3

Classes unloaded (20 events):
Event: 71.137 Thread 0x00007f4d000a1c10 Unloading class 0x0000000800ef8000 'jdk/internal/reflect/GeneratedConstructorAccessor8'
Event: 71.137 Thread 0x00007f4d000a1c10 Unloading class 0x0000000800d99000 'java/lang/invoke/LambdaForm$MH+0x0000000800d99000'
Event: 71.137 Thread 0x00007f4d000a1c10 Unloading class 0x0000000800d98c00 'java/lang/invoke/LambdaForm$MH+0x0000000800d98c00'
Event: 71.137 Thread 0x00007f4d000a1c10 Unloading class 0x0000000800d98800 'java/lang/invoke/LambdaForm$MH+0x0000000800d98800'
Event: 71.137 Thread 0x00007f4d000a1c10 Unloading class 0x0000000800d98400 'java/lang/invoke/LambdaForm$MH+0x0000000800d98400'
Event: 71.137 Thread 0x00007f4d000a1c10 Unloading class 0x0000000800d98000 'jdk/internal/reflect/GeneratedConstructorAccessor3'
Event: 71.137 Thread 0x00007f4d000a1c10 Unloading class 0x0000000800d06800 'java/lang/invoke/LambdaForm$MH+0x0000000800d06800'
Event: 71.137 Thread 0x00007f4d000a1c10 Unloading class 0x0000000800d06000 'java/lang/invoke/LambdaForm$MH+0x0000000800d06000'
Event: 71.137 Thread 0x00007f4d000a1c10 Unloading class 0x0000000800d05c00 'java/lang/invoke/LambdaForm$MH+0x0000000800d05c00'
Event: 71.137 Thread 0x00007f4d000a1c10 Unloading class 0x0000000800d05800 'java/lang/invoke/LambdaForm$MH+0x0000000800d05800'
Event: 71.137 Thread 0x00007f4d000a1c10 Unloading class 0x0000000800d05000 'java/lang/invoke/LambdaForm$MH+0x0000000800d05000'
Event: 71.137 Thread 0x00007f4d000a1c10 Unloading class 0x0000000800d04c00 'java/lang/invoke/LambdaForm$MH+0x0000000800d04c00'
Event: 71.137 Thread 0x00007f4d000a1c10 Unloading class 0x0000000800d04800 'java/lang/invoke/LambdaForm$MH+0x0000000800d04800'
Event: 71.137 Thread 0x00007f4d000a1c10 Unloading class 0x0000000800d04000 'java/lang/invoke/LambdaForm$MH+0x0000000800d04000'
Event: 71.137 Thread 0x00007f4d000a1c10 Unloading class 0x0000000800c1d000 'jdk/internal/reflect/GeneratedMethodAccessor5'
Event: 71.137 Thread 0x00007f4d000a1c10 Unloading class 0x0000000800c1cc00 'jdk/internal/reflect/GeneratedMethodAccessor4'
Event: 71.137 Thread 0x00007f4d000a1c10 Unloading class 0x0000000800c1c800 'jdk/internal/reflect/GeneratedMethodAccessor3'
Event: 71.137 Thread 0x00007f4d000a1c10 Unloading class 0x0000000800c1c400 'jdk/internal/reflect/GeneratedMethodAccessor2'
Event: 71.137 Thread 0x00007f4d000a1c10 Unloading class 0x0000000800c1c000 'jdk/internal/reflect/GeneratedMethodAccessor1'
Event: 71.137 Thread 0x00007f4d000a1c10 Unloading class 0x0000000800c01c00 'java/lang/invoke/LambdaForm$DMH+0x0000000800c01c00'

Classes redefined (0 events):
No events

Internal exceptions (20 events):
Event: 36.246 Thread 0x00007f4c64000ff0 Exception <a 'java/lang/NoSuchMethodError'{0x00000000f6776a88}: static [J.<clinit>()V> (0x00000000f6776a88) 
thrown [src/hotspot/share/prims/jni.cpp, line 1107]
Event: 36.428 Thread 0x00007f4c6c001130 Exception <a 'java/lang/NoSuchMethodError'{0x00000000f6bc7368}: 'java.lang.Object java.lang.invoke.DirectMethodHandle$Holder.newInvokeSpecial(java.lang.Object, java.lang.Object, java.lang.Object, int, java.lang.Object)'> (0x00000000f6bc7368) 
thrown [src/hotspot/share/interpreter/linkResolver.cpp, line 758]
Event: 36.428 Thread 0x00007f4c6c001130 Exception <a 'java/lang/NoSuchMethodError'{0x00000000f6bcc308}: 'java.lang.Object java.lang.invoke.DirectMethodHandle$Holder.invokeSpecial(java.lang.Object, java.lang.Object, java.lang.Object, java.lang.Object, int, java.lang.Object)'> (0x00000000f6bcc308) 
thrown [src/hotspot/share/interpreter/linkResolver.cpp, line 758]
Event: 36.428 Thread 0x00007f4c6c001130 Exception <a 'java/lang/NoSuchMethodError'{0x00000000f6bd06d0}: 'java.lang.Object java.lang.invoke.Invokers$Holder.linkToTargetMethod(java.lang.Object, java.lang.Object, int, java.lang.Object, java.lang.Object)'> (0x00000000f6bd06d0) 
thrown [src/hotspot/share/interpreter/linkResolver.cpp, line 758]
Event: 37.317 Thread 0x00007f4d004b6300 Implicit null exception at 0x00007f4cef0c62b9 to 0x00007f4cef0c6ac3
Event: 41.027 Thread 0x00007f4c64000ff0 Exception <a 'java/lang/NoSuchMethodError'{0x00000000f5623d40}: 'java.lang.Object java.lang.invoke.DirectMethodHandle$Holder.invokeStatic(java.lang.Object, java.lang.Object, java.lang.Object, long)'> (0x00000000f5623d40) 
thrown [src/hotspot/share/interpreter/linkResolver.cpp, line 758]
Event: 41.028 Thread 0x00007f4c64000ff0 Exception <a 'java/lang/NoSuchMethodError'{0x00000000f62b2378}: 'java.lang.Object java.lang.invoke.DirectMethodHandle$Holder.newInvokeSpecial(java.lang.Object, java.lang.Object, java.lang.Object, long)'> (0x00000000f62b2378) 
thrown [src/hotspot/share/interpreter/linkResolver.cpp, line 758]
Event: 41.029 Thread 0x00007f4c64000ff0 Exception <a 'java/lang/NoSuchMethodError'{0x00000000f62b6b68}: 'java.lang.Object java.lang.invoke.DirectMethodHandle$Holder.invokeSpecial(java.lang.Object, java.lang.Object, java.lang.Object, java.lang.Object, long)'> (0x00000000f62b6b68) 
thrown [src/hotspot/share/interpreter/linkResolver.cpp, line 758]
Event: 41.029 Thread 0x00007f4c64000ff0 Exception <a 'java/lang/NoSuchMethodError'{0x00000000f62ba938}: 'java.lang.Object java.lang.invoke.Invokers$Holder.linkToTargetMethod(java.lang.Object, java.lang.Object, long, java.lang.Object)'> (0x00000000f62ba938) 
thrown [src/hotspot/share/interpreter/linkResolver.cpp, line 758]
Event: 41.032 Thread 0x00007f4c64000ff0 Exception <a 'java/io/FileNotFoundException'{0x00000000f62ef180}> (0x00000000f62ef180) 
thrown [src/hotspot/share/prims/jni.cpp, line 516]
Event: 41.040 Thread 0x00007f4c64000ff0 Exception <a 'java/lang/NoSuchMethodError'{0x00000000f6377cb0}: 'java.lang.Object java.lang.invoke.DirectMethodHandle$Holder.newInvokeSpecial(java.lang.Object, java.lang.Object, int, java.lang.Object, java.lang.Object)'> (0x00000000f6377cb0) 
thrown [src/hotspot/share/interpreter/linkResolver.cpp, line 758]
Event: 41.041 Thread 0x00007f4c64000ff0 Exception <a 'java/lang/NoSuchMethodError'{0x00000000f637c5e0}: 'java.lang.Object java.lang.invoke.DirectMethodHandle$Holder.invokeSpecial(java.lang.Object, java.lang.Object, java.lang.Object, int, java.lang.Object, java.lang.Object)'> (0x00000000f637c5e0) 
thrown [src/hotspot/share/interpreter/linkResolver.cpp, line 758]
Event: 42.247 Thread 0x00007f4c70191750 Implicit null exception at 0x00007f4cef0d2669 to 0x00007f4cef0d281b
Event: 45.954 Thread 0x00007f4c70191750 Exception <a 'java/lang/NoSuchMethodError'{0x00000000f564a9d8}: 'java.lang.Object java.lang.invoke.DirectMethodHandle$Holder.newInvokeSpecial(java.lang.Object, java.lang.Object, int, java.lang.Object, java.lang.Object, java.lang.Object, java.lang.Object)'> (0x00000000f564a9d8) 
thrown [src/hotspot/share/interpreter/linkResolver.cpp, line 758]
Event: 46.165 Thread 0x00007f4c70191750 Exception <a 'java/lang/NoSuchMethodError'{0x00000000f636f9b8}: 'void java.lang.invoke.DirectMethodHandle$Holder.invokeSpecial(java.lang.Object, java.lang.Object, int)'> (0x00000000f636f9b8) 
thrown [src/hotspot/share/interpreter/linkResolver.cpp, line 758]
Event: 48.032 Thread 0x00007f4c70191750 Exception <a 'java/lang/NoSuchMethodError'{0x00000000f5e89480}: 'int java.lang.invoke.DirectMethodHandle$Holder.invokeSpecialIFC(java.lang.Object, java.lang.Object, java.lang.Object, java.lang.Object)'> (0x00000000f5e89480) 
thrown [src/hotspot/share/interpreter/linkResolver.cpp, line 758]
Event: 741.652 Thread 0x00007f4c88007280 Exception <a 'java/lang/OutOfMemoryError'{0x00000000e0014240}> (0x00000000e0014240) 
thrown [src/hotspot/share/gc/shared/memAllocator.cpp, line 136]
Event: 748.981 Thread 0x00007f4d000b2200 Exception <a 'java/lang/OutOfMemoryError'{0x00000000e00147e0}> (0x00000000e00147e0) 
thrown [src/hotspot/share/gc/shared/memAllocator.cpp, line 138]
Event: 748.981 Thread 0x00007f4d000b2200 Implicit null exception at 0x00007f4cef04b351 to 0x00007f4cef04b380
Event: 751.535 Thread 0x00007f4d000b2200 Exception <a 'java/lang/OutOfMemoryError'{0x00000000e0014830}> (0x00000000e0014830) 
thrown [src/hotspot/share/gc/shared/memAllocator.cpp, line 136]

VM Operations (20 events):
Event: 735.540 Executing VM operation: ParallelGCFailedAllocation
Event: 736.858 Executing VM operation: ParallelGCFailedAllocation done
Event: 736.858 Executing VM operation: ParallelGCFailedAllocation
Event: 738.082 Executing VM operation: ParallelGCFailedAllocation done
Event: 738.083 Executing VM operation: ParallelGCFailedAllocation
Event: 739.190 Executing VM operation: ParallelGCFailedAllocation done
Event: 739.190 Executing VM operation: ParallelGCFailedAllocation
Event: 741.652 Executing VM operation: ParallelGCFailedAllocation done
Event: 741.652 Executing VM operation: ParallelGCFailedAllocation
Event: 743.087 Executing VM operation: ParallelGCFailedAllocation done
Event: 743.087 Executing VM operation: ParallelGCFailedAllocation
Event: 744.298 Executing VM operation: ParallelGCFailedAllocation done
Event: 744.298 Executing VM operation: ParallelGCFailedAllocation
Event: 745.476 Executing VM operation: ParallelGCFailedAllocation done
Event: 745.480 Executing VM operation: ParallelGCFailedAllocation
Event: 746.627 Executing VM operation: ParallelGCFailedAllocation done
Event: 746.627 Executing VM operation: ParallelGCFailedAllocation
Event: 748.980 Executing VM operation: ParallelGCFailedAllocation done
Event: 748.981 Executing VM operation: ParallelGCFailedAllocation
Event: 751.535 Executing VM operation: ParallelGCFailedAllocation done

Events (20 events):
Event: 104.975 Thread 0x00007f4c98324a40 Thread exited: 0x00007f4c98324a40
Event: 104.975 Thread 0x00007f4c6c001130 Thread exited: 0x00007f4c6c001130
Event: 172.907 Thread 0x00007f4c64000ff0 Thread exited: 0x00007f4c64000ff0
Event: 314.247 Thread 0x00007f4c70049380 Thread added: 0x00007f4c70049380
Event: 314.247 Protecting memory [0x00007f4cae900000,0x00007f4cae904000] with protection modes 0
Event: 371.444 loading class java/io/InterruptedIOException
Event: 371.444 loading class java/io/InterruptedIOException done
Event: 371.444 loading class javax/net/ssl/SSLException
Event: 390.383 loading class javax/net/ssl/SSLException done
Event: 390.383 loading class java/lang/AssertionError
Event: 422.839 loading class java/lang/AssertionError done
Event: 427.852 Thread 0x00007f4c68464b50 Thread exited: 0x00007f4c68464b50
Event: 431.768 Thread 0x00007f4c68464360 Thread exited: 0x00007f4c68464360
Event: 433.254 Thread 0x00007f4c90003ff0 Thread exited: 0x00007f4c90003ff0
Event: 525.860 loading class java/util/concurrent/CancellationException
Event: 525.860 loading class java/util/concurrent/CancellationException done
Event: 525.860 loading class java/util/concurrent/CompletionException
Event: 525.860 loading class java/util/concurrent/CompletionException done
Event: 722.382 Thread 0x00007f4c7004a430 Thread added: 0x00007f4c7004a430
Event: 722.382 Protecting memory [0x00007f4cae500000,0x00007f4cae504000] with protection modes 0


Dynamic libraries:
e0000000-f5580000 rw-p 00000000 00:00 0 
f5580000-f9700000 rw-p 00000000 00:00 0 
f9700000-100000000 ---p 00000000 00:00 0 
800000000-800449000 rw-p 00001000 00:12d8 4611686019135357769            /nix/store/gpxl5qgg8kicmcvivwmybwjlpf7wh20l-graalvm17-ce-22.3.0/lib/server/classes.jsa
800449000-800bc8000 r--p 0044a000 00:12d8 4611686019135357769            /nix/store/gpxl5qgg8kicmcvivwmybwjlpf7wh20l-graalvm17-ce-22.3.0/lib/server/classes.jsa
800bc8000-800c00000 ---p 00000000 00:00 0 
800c00000-800c20000 rw-p 00000000 00:00 0 
800c20000-800c40000 rw-p 00000000 00:00 0 
800c40000-800cc0000 rw-p 00000000 00:00 0 
800cc0000-800d00000 rw-p 00000000 00:00 0 
800d00000-800dc0000 rw-p 00000000 00:00 0 
800dc0000-800e00000 rw-p 00000000 00:00 0 
800e00000-800f40000 rw-p 00000000 00:00 0 
800f40000-800fc0000 rw-p 00000000 00:00 0 
800fc0000-801000000 rw-p 00000000 00:00 0 
801000000-801230000 rw-p 00000000 00:00 0 
801230000-840c00000 ---p 00000000 00:00 0 
5630375fe000-5630375ff000 r-xp 00000000 00:12d8 4611686019099417844      /nix/store/gpxl5qgg8kicmcvivwmybwjlpf7wh20l-graalvm17-ce-22.3.0/bin/.java-wrapped
563037600000-563037601000 r--p 00001000 00:12d8 4611686019099417844      /nix/store/gpxl5qgg8kicmcvivwmybwjlpf7wh20l-graalvm17-ce-22.3.0/bin/.java-wrapped
563037601000-563037602000 rw-p 00002000 00:12d8 4611686019099417844      /nix/store/gpxl5qgg8kicmcvivwmybwjlpf7wh20l-graalvm17-ce-22.3.0/bin/.java-wrapped
563037602000-563037603000 rw-p 00004000 00:12d8 4611686019099417844      /nix/store/gpxl5qgg8kicmcvivwmybwjlpf7wh20l-graalvm17-ce-22.3.0/bin/.java-wrapped
563037603000-563037604000 rw-p 00005000 00:12d8 4611686019099417844      /nix/store/gpxl5qgg8kicmcvivwmybwjlpf7wh20l-graalvm17-ce-22.3.0/bin/.java-wrapped
563038353000-56303839b000 rw-p 00000000 00:00 0                          [heap]
7f4c3c000000-7f4c3c02a000 rw-p 00000000 00:00 0 
7f4c3c02a000-7f4c40000000 ---p 00000000 00:00 0 
7f4c40000000-7f4c401fa000 rw-p 00000000 00:00 0 
7f4c401fa000-7f4c44000000 ---p 00000000 00:00 0 
7f4c44000000-7f4c44021000 rw-p 00000000 00:00 0 
7f4c44021000-7f4c48000000 ---p 00000000 00:00 0 
7f4c48000000-7f4c48021000 rw-p 00000000 00:00 0 
7f4c48021000-7f4c4c000000 ---p 00000000 00:00 0 
7f4c4c000000-7f4c4c021000 rw-p 00000000 00:00 0 
7f4c4c021000-7f4c50000000 ---p 00000000 00:00 0 
7f4c50000000-7f4c50021000 rw-p 00000000 00:00 0 
7f4c50021000-7f4c54000000 ---p 00000000 00:00 0 
7f4c54000000-7f4c54025000 rw-p 00000000 00:00 0 
7f4c54025000-7f4c58000000 ---p 00000000 00:00 0 
7f4c59c00000-7f4c5a230000 rw-p 00000000 00:00 0 
7f4c5a230000-7f4c5a400000 ---p 00000000 00:00 0 
7f4c5a4b3000-7f4c64000000 r--s 00000000 00:12d8 4611686019135192581      /nix/store/gpxl5qgg8kicmcvivwmybwjlpf7wh20l-graalvm17-ce-22.3.0/lib/modules
7f4c64000000-7f4c64024000 rw-p 00000000 00:00 0 
7f4c64024000-7f4c68000000 ---p 00000000 00:00 0 
7f4c68000000-7f4c68552000 rw-p 00000000 00:00 0 
7f4c68552000-7f4c6c000000 ---p 00000000 00:00 0 
7f4c6c000000-7f4c6c0ec000 rw-p 00000000 00:00 0 
7f4c6c0ec000-7f4c70000000 ---p 00000000 00:00 0 
7f4c70000000-7f4c701af000 rw-p 00000000 00:00 0 
7f4c701af000-7f4c74000000 ---p 00000000 00:00 0 
7f4c74000000-7f4c74021000 rw-p 00000000 00:00 0 
7f4c74021000-7f4c78000000 ---p 00000000 00:00 0 
7f4c78000000-7f4c78021000 rw-p 00000000 00:00 0 
7f4c78021000-7f4c7c000000 ---p 00000000 00:00 0 
7f4c7c000000-7f4c7c02b000 rw-p 00000000 00:00 0 
7f4c7c02b000-7f4c80000000 ---p 00000000 00:00 0 
7f4c80000000-7f4c8005e000 rw-p 00000000 00:00 0 
7f4c8005e000-7f4c84000000 ---p 00000000 00:00 0 
7f4c84000000-7f4c84021000 rw-p 00000000 00:00 0 
7f4c84021000-7f4c88000000 ---p 00000000 00:00 0 
7f4c88000000-7f4c882ef000 rw-p 00000000 00:00 0 
7f4c882ef000-7f4c8c000000 ---p 00000000 00:00 0 
7f4c8c000000-7f4c8c021000 rw-p 00000000 00:00 0 
7f4c8c021000-7f4c90000000 ---p 00000000 00:00 0 
7f4c90000000-7f4c90021000 rw-p 00000000 00:00 0 
7f4c90021000-7f4c94000000 ---p 00000000 00:00 0 
7f4c94000000-7f4c94022000 rw-p 00000000 00:00 0 
7f4c94022000-7f4c98000000 ---p 00000000 00:00 0 
7f4c98000000-7f4c988da000 rw-p 00000000 00:00 0 
7f4c988da000-7f4c9c000000 ---p 00000000 00:00 0 
7f4c9c400000-7f4c9c700000 rw-p 00000000 00:00 0 
7f4c9c700000-7f4c9c780000 rw-p 00000000 00:00 0 
7f4c9c780000-7f4c9c800000 ---p 00000000 00:00 0 
7f4c9c800000-7f4c9c940000 rw-p 00000000 00:00 0 
7f4c9c940000-7f4c9cc00000 rw-p 00000000 00:00 0 
7f4c9d800000-7f4c9df80000 rw-p 00000000 00:00 0 
7f4c9df80000-7f4c9e000000 rw-p 00000000 00:00 0 
7f4c9e000000-7f4c9e100000 rw-p 00000000 00:00 0 
7f4c9e100000-7f4c9e1c0000 rw-p 00000000 00:00 0 
7f4c9e1c0000-7f4c9e300000 rw-p 00000000 00:00 0 
7f4c9e300000-7f4c9e500000 rw-p 00000000 00:00 0 
7f4c9e500000-7f4c9e600000 rw-p 00000000 00:00 0 
7f4c9e600000-7f4c9e700000 rw-p 00000000 00:00 0 
7f4c9e700000-7f4c9e800000 rw-p 00000000 00:00 0 
7f4c9e800000-7f4c9e900000 rw-p 00000000 00:00 0 
7f4c9e900000-7f4c9ea00000 rw-p 00000000 00:00 0 
7f4c9ea00000-7f4c9efa0000 rw-p 00000000 00:00 0 
7f4c9efa0000-7f4c9efc0000 rw-p 00000000 00:00 0 
7f4c9efc0000-7f4c9f000000 rw-p 00000000 00:00 0 
7f4c9f000000-7f4c9f100000 rw-p 00000000 00:00 0 
7f4c9f100000-7f4c9f200000 rw-p 00000000 00:00 0 
7f4c9f200000-7f4c9f500000 rw-p 00000000 00:00 0 
7f4c9f500000-7f4c9f600000 rw-p 00000000 00:00 0 
7f4c9f600000-7f4c9f800000 rw-p 00000000 00:00 0 
7f4c9fa00000-7f4c9fa10000 r-xp 00000000 00:12bb 366                      /home/runner/.cache/jdt-language-server/config/org.eclipse.equinox.launcher/org.eclipse.equinox.launcher.gtk.linux.x86_64_1.2.400.v20211117-0650/eclipse_11600.so
7f4c9fa10000-7f4c9fc0f000 ---p 00010000 00:12bb 366                      /home/runner/.cache/jdt-language-server/config/org.eclipse.equinox.launcher/org.eclipse.equinox.launcher.gtk.linux.x86_64_1.2.400.v20211117-0650/eclipse_11600.so
7f4c9fc0f000-7f4c9fc10000 r--p 0000f000 00:12bb 366                      /home/runner/.cache/jdt-language-server/config/org.eclipse.equinox.launcher/org.eclipse.equinox.launcher.gtk.linux.x86_64_1.2.400.v20211117-0650/eclipse_11600.so
7f4c9fc10000-7f4c9fc11000 rw-p 00010000 00:12bb 366                      /home/runner/.cache/jdt-language-server/config/org.eclipse.equinox.launcher/org.eclipse.equinox.launcher.gtk.linux.x86_64_1.2.400.v20211117-0650/eclipse_11600.so
7f4ca0000000-7f4ca0021000 rw-p 00000000 00:00 0 
7f4ca0021000-7f4ca4000000 ---p 00000000 00:00 0 
7f4ca4000000-7f4ca4021000 rw-p 00000000 00:00 0 
7f4ca4021000-7f4ca8000000 ---p 00000000 00:00 0 
7f4ca8000000-7f4ca8021000 rw-p 00000000 00:00 0 
7f4ca8021000-7f4cac000000 ---p 00000000 00:00 0 
7f4cacd00000-7f4cace00000 ---p 00000000 00:00 0 
7f4cace00000-7f4cad3af000 r--p 01122000 00:12d8 4611686019135190040      /nix/store/gpxl5qgg8kicmcvivwmybwjlpf7wh20l-graalvm17-ce-22.3.0/lib/libjvmcicompiler.so
7f4cad3af000-7f4cad500000 r--p 00000000 00:00 0 
7f4cad500000-7f4cad53d000 rw-p 00000000 00:00 0 
7f4cad53d000-7f4cada5d000 rw-p 0185f000 00:12d8 4611686019135190040      /nix/store/gpxl5qgg8kicmcvivwmybwjlpf7wh20l-graalvm17-ce-22.3.0/lib/libjvmcicompiler.so
7f4cada5d000-7f4cade44000 r--p 01d7f000 00:12d8 4611686019135190040      /nix/store/gpxl5qgg8kicmcvivwmybwjlpf7wh20l-graalvm17-ce-22.3.0/lib/libjvmcicompiler.so
7f4cadf00000-7f4cadf04000 ---p 00000000 00:00 0 
7f4cadf04000-7f4cae000000 rw-p 00000000 00:00 0 
7f4cae100000-7f4cae104000 ---p 00000000 00:00 0 
7f4cae104000-7f4cae200000 rw-p 00000000 00:00 0 
7f4cae300000-7f4cae304000 ---p 00000000 00:00 0 
7f4cae304000-7f4cae400000 rw-p 00000000 00:00 0 
7f4cae500000-7f4cae504000 ---p 00000000 00:00 0 
7f4cae504000-7f4cae600000 rw-p 00000000 00:00 0 
7f4cae700000-7f4cae704000 ---p 00000000 00:00 0 
7f4cae704000-7f4cae800000 rw-p 00000000 00:00 0 
7f4cae900000-7f4cae904000 ---p 00000000 00:00 0 
7f4cae904000-7f4caea00000 rw-p 00000000 00:00 0 
7f4caeb00000-7f4caeb04000 ---p 00000000 00:00 0 
7f4caeb04000-7f4caec00000 rw-p 00000000 00:00 0 
7f4caec00000-7f4caec04000 ---p 00000000 00:00 0 
7f4caec04000-7f4caed00000 rw-p 00000000 00:00 0 
7f4caed00000-7f4caed04000 ---p 00000000 00:00 0 
7f4caed04000-7f4caee00000 rw-p 00000000 00:00 0 
7f4cafa68000-7f4caff00000 rw-p 00000000 00:00 0 
7f4cb0000000-7f4cb0021000 rw-p 00000000 00:00 0 
7f4cb0021000-7f4cb4000000 ---p 00000000 00:00 0 
7f4cb4000000-7f4cb4021000 rw-p 00000000 00:00 0 
7f4cb4021000-7f4cb8000000 ---p 00000000 00:00 0 
7f4cb8000000-7f4cb8021000 rw-p 00000000 00:00 0 
7f4cb8021000-7f4cbc000000 ---p 00000000 00:00 0 
7f4cbc000000-7f4cbc021000 rw-p 00000000 00:00 0 
7f4cbc021000-7f4cc0000000 ---p 00000000 00:00 0 
7f4cc0000000-7f4cc00db000 rw-p 00000000 00:00 0 
7f4cc00db000-7f4cc4000000 ---p 00000000 00:00 0 
7f4cc4000000-7f4cc4b6e000 rw-p 00000000 00:00 0 
7f4cc4b6e000-7f4cc8000000 ---p 00000000 00:00 0 
7f4cc8000000-7f4cc8021000 rw-p 00000000 00:00 0 
7f4cc8021000-7f4ccc000000 ---p 00000000 00:00 0 
7f4ccc000000-7f4ccc021000 rw-p 00000000 00:00 0 
7f4ccc021000-7f4cd0000000 ---p 00000000 00:00 0 
7f4cd0000000-7f4cd0021000 rw-p 00000000 00:00 0 
7f4cd0021000-7f4cd4000000 ---p 00000000 00:00 0 
7f4cd4000000-7f4cd4021000 rw-p 00000000 00:00 0 
7f4cd4021000-7f4cd8000000 ---p 00000000 00:00 0 
7f4cd8000000-7f4cd8021000 rw-p 00000000 00:00 0 
7f4cd8021000-7f4cdc000000 ---p 00000000 00:00 0 
7f4cdc000000-7f4cdc021000 rw-p 00000000 00:00 0 
7f4cdc021000-7f4ce0000000 ---p 00000000 00:00 0 
7f4ce0000000-7f4ce0062000 rw-p 00000000 00:00 0 
7f4ce0062000-7f4ce4000000 ---p 00000000 00:00 0 
7f4ce4100000-7f4ce4104000 ---p 00000000 00:00 0 
7f4ce4104000-7f4ce4200000 rw-p 00000000 00:00 0 
7f4ce4300000-7f4ce4304000 ---p 00000000 00:00 0 
7f4ce4304000-7f4ce4400000 rw-p 00000000 00:00 0 
7f4ce4500000-7f4ce4504000 ---p 00000000 00:00 0 
7f4ce4504000-7f4ce4600000 rw-p 00000000 00:00 0 
7f4ce4700000-7f4ce4704000 ---p 00000000 00:00 0 
7f4ce4704000-7f4ce4800000 rw-p 00000000 00:00 0 
7f4ce4900000-7f4ce4904000 ---p 00000000 00:00 0 
7f4ce4904000-7f4ce4a00000 rw-p 00000000 00:00 0 
7f4ce4b00000-7f4ce4b04000 ---p 00000000 00:00 0 
7f4ce4b04000-7f4ce4c00000 rw-p 00000000 00:00 0 
7f4ce4d00000-7f4ce4d04000 ---p 00000000 00:00 0 
7f4ce4d04000-7f4ce4e00000 rw-p 00000000 00:00 0 
7f4ce4f00000-7f4ce4f04000 ---p 00000000 00:00 0 
7f4ce4f04000-7f4ce5000000 rw-p 00000000 00:00 0 
7f4ce5000000-7f4ce716a000 r-xp 00000000 00:12d8 4611686019135190040      /nix/store/gpxl5qgg8kicmcvivwmybwjlpf7wh20l-graalvm17-ce-22.3.0/lib/libjvmcicompiler.so
7f4ce716a000-7f4ce7369000 ---p 0216a000 00:12d8 4611686019135190040      /nix/store/gpxl5qgg8kicmcvivwmybwjlpf7wh20l-graalvm17-ce-22.3.0/lib/libjvmcicompiler.so
7f4ce7369000-7f4ce736a000 r--p 02169000 00:12d8 4611686019135190040      /nix/store/gpxl5qgg8kicmcvivwmybwjlpf7wh20l-graalvm17-ce-22.3.0/lib/libjvmcicompiler.so
7f4ce736a000-7f4ce736c000 rw-p 0216a000 00:12d8 4611686019135190040      /nix/store/gpxl5qgg8kicmcvivwmybwjlpf7wh20l-graalvm17-ce-22.3.0/lib/libjvmcicompiler.so
7f4ce736c000-7f4ce736d000 rw-p 00000000 00:00 0 
7f4ce736d000-7f4ce7372000 rw-p 023c3000 00:12d8 4611686019135190040      /nix/store/gpxl5qgg8kicmcvivwmybwjlpf7wh20l-graalvm17-ce-22.3.0/lib/libjvmcicompiler.so
7f4ce73b3000-7f4ce73b7000 ---p 00000000 00:00 0 
7f4ce73b7000-7f4ce74b3000 rw-p 00000000 00:00 0 
7f4ce74b3000-7f4ce7723000 rwxp 00000000 00:00 0 
7f4ce7723000-7f4ce7a42000 ---p 00000000 00:00 0 
7f4ce7a42000-7f4ce89e2000 rwxp 00000000 00:00 0 
7f4ce89e2000-7f4ceef7a000 ---p 00000000 00:00 0 
7f4ceef7a000-7f4cef22a000 rwxp 00000000 00:00 0 
7f4cef22a000-7f4cf64b3000 ---p 00000000 00:00 0 
7f4cf64b3000-7f4d00000000 r--s 00000000 00:12d8 4611686019135192581      /nix/store/gpxl5qgg8kicmcvivwmybwjlpf7wh20l-graalvm17-ce-22.3.0/lib/modules
7f4d00000000-7f4d00618000 rw-p 00000000 00:00 0 
7f4d00618000-7f4d04000000 ---p 00000000 00:00 0 
7f4d04000000-7f4d04004000 ---p 00000000 00:00 0 
7f4d04004000-7f4d04100000 rw-p 00000000 00:00 0 
7f4d04200000-7f4d04204000 ---p 00000000 00:00 0 
7f4d04204000-7f4d04300000 rw-p 00000000 00:00 0 
7f4d04300000-7f4d04304000 ---p 00000000 00:00 0 
7f4d04304000-7f4d04400000 rw-p 00000000 00:00 0 
7f4d04400000-7f4d04404000 ---p 00000000 00:00 0 
7f4d04404000-7f4d04500000 rw-p 00000000 00:00 0 
7f4d04546000-7f4d0454a000 ---p 00000000 00:00 0 
7f4d0454a000-7f4d04646000 rw-p 00000000 00:00 0 
7f4d04646000-7f4d04647000 ---p 00000000 00:00 0 
7f4d04647000-7f4d04748000 rw-p 00000000 00:00 0 
7f4d04748000-7f4d0474c000 ---p 00000000 00:00 0 
7f4d0474c000-7f4d04848000 rw-p 00000000 00:00 0 
7f4d04848000-7f4d0484c000 ---p 00000000 00:00 0 
7f4d0484c000-7f4d04948000 rw-p 00000000 00:00 0 
7f4d04948000-7f4d0494c000 ---p 00000000 00:00 0 
7f4d0494c000-7f4d04a48000 rw-p 00000000 00:00 0 
7f4d04a48000-7f4d04a4c000 ---p 00000000 00:00 0 
7f4d04a4c000-7f4d04c48000 rw-p 00000000 00:00 0 
7f4d04c48000-7f4d04c4c000 ---p 00000000 00:00 0 
7f4d04c4c000-7f4d04e48000 rw-p 00000000 00:00 0 
7f4d04e48000-7f4d04e4c000 ---p 00000000 00:00 0 
7f4d04e4c000-7f4d04f48000 rw-p 00000000 00:00 0 
7f4d04f48000-7f4d04f4c000 ---p 00000000 00:00 0 
7f4d04f4c000-7f4d05048000 rw-p 00000000 00:00 0 
7f4d05048000-7f4d0504c000 ---p 00000000 00:00 0 
7f4d0504c000-7f4d05148000 rw-p 00000000 00:00 0 
7f4d05148000-7f4d0542e000 r--p 00000000 00:1168 28444448                 /usr/lib/locale/locale-archive
7f4d0542e000-7f4d05432000 ---p 00000000 00:00 0 
7f4d05432000-7f4d0552e000 rw-p 00000000 00:00 0 
7f4d0552e000-7f4d05532000 ---p 00000000 00:00 0 
7f4d05532000-7f4d0562e000 rw-p 00000000 00:00 0 
7f4d0562e000-7f4d0562f000 ---p 00000000 00:00 0 
7f4d0562f000-7f4d05730000 rw-p 00000000 00:00 0 
7f4d05730000-7f4d057fe000 r-xp 00000000 00:12d8 4611686019135190036      /nix/store/gpxl5qgg8kicmcvivwmybwjlpf7wh20l-graalvm17-ce-22.3.0/lib/libjsvml.so
7f4d057fe000-7f4d057ff000 r--p 000cd000 00:12d8 4611686019135190036      /nix/store/gpxl5qgg8kicmcvivwmybwjlpf7wh20l-graalvm17-ce-22.3.0/lib/libjsvml.so
7f4d057ff000-7f4d05800000 rw-p 000ce000 00:12d8 4611686019135190036      /nix/store/gpxl5qgg8kicmcvivwmybwjlpf7wh20l-graalvm17-ce-22.3.0/lib/libjsvml.so
7f4d05800000-7f4d05c00000 rw-p 00000000 00:00 0 
7f4d05c00000-7f4d05f00000 rw-p 00000000 00:00 0 
7f4d05f00000-7f4d06000000 rw-p 00000000 00:00 0 
7f4d06028000-7f4d0602a000 r-xp 00000000 00:12d8 4611686019135190017      /nix/store/gpxl5qgg8kicmcvivwmybwjlpf7wh20l-graalvm17-ce-22.3.0/lib/libextnet.so
7f4d0602a000-7f4d0602b000 r--p 00001000 00:12d8 4611686019135190017      /nix/store/gpxl5qgg8kicmcvivwmybwjlpf7wh20l-graalvm17-ce-22.3.0/lib/libextnet.so
7f4d0602b000-7f4d0602c000 rw-p 00002000 00:12d8 4611686019135190017      /nix/store/gpxl5qgg8kicmcvivwmybwjlpf7wh20l-graalvm17-ce-22.3.0/lib/libextnet.so
7f4d0602c000-7f4d0602d000 rw-p 00004000 00:12d8 4611686019135190017      /nix/store/gpxl5qgg8kicmcvivwmybwjlpf7wh20l-graalvm17-ce-22.3.0/lib/libextnet.so
7f4d0602d000-7f4d06031000 ---p 00000000 00:00 0 
7f4d06031000-7f4d0604f000 rw-p 00000000 00:00 0 
7f4d0604f000-7f4d06056000 r-xp 00000000 00:12d8 4611686019135192580      /nix/store/gpxl5qgg8kicmcvivwmybwjlpf7wh20l-graalvm17-ce-22.3.0/lib/libzip.so
7f4d06056000-7f4d06057000 ---p 00007000 00:12d8 4611686019135192580      /nix/store/gpxl5qgg8kicmcvivwmybwjlpf7wh20l-graalvm17-ce-22.3.0/lib/libzip.so
7f4d06057000-7f4d06058000 r--p 00007000 00:12d8 4611686019135192580      /nix/store/gpxl5qgg8kicmcvivwmybwjlpf7wh20l-graalvm17-ce-22.3.0/lib/libzip.so
7f4d06058000-7f4d06059000 rw-p 00008000 00:12d8 4611686019135192580      /nix/store/gpxl5qgg8kicmcvivwmybwjlpf7wh20l-graalvm17-ce-22.3.0/lib/libzip.so
7f4d06059000-7f4d0605b000 rw-p 0000b000 00:12d8 4611686019135192580      /nix/store/gpxl5qgg8kicmcvivwmybwjlpf7wh20l-graalvm17-ce-22.3.0/lib/libzip.so
7f4d0605b000-7f4d06070000 r-xp 00000000 00:12d8 4611686019135192570      /nix/store/gpxl5qgg8kicmcvivwmybwjlpf7wh20l-graalvm17-ce-22.3.0/lib/libnet.so
7f4d06070000-7f4d06071000 ---p 00015000 00:12d8 4611686019135192570      /nix/store/gpxl5qgg8kicmcvivwmybwjlpf7wh20l-graalvm17-ce-22.3.0/lib/libnet.so
7f4d06071000-7f4d06072000 r--p 00015000 00:12d8 4611686019135192570      /nix/store/gpxl5qgg8kicmcvivwmybwjlpf7wh20l-graalvm17-ce-22.3.0/lib/libnet.so
7f4d06072000-7f4d06073000 rw-p 00016000 00:12d8 4611686019135192570      /nix/store/gpxl5qgg8kicmcvivwmybwjlpf7wh20l-graalvm17-ce-22.3.0/lib/libnet.so
7f4d06073000-7f4d06076000 rw-p 0001b000 00:12d8 4611686019135192570      /nix/store/gpxl5qgg8kicmcvivwmybwjlpf7wh20l-graalvm17-ce-22.3.0/lib/libnet.so
7f4d06076000-7f4d06089000 r-xp 00000000 00:12d8 4611686019135192571      /nix/store/gpxl5qgg8kicmcvivwmybwjlpf7wh20l-graalvm17-ce-22.3.0/lib/libnio.so
7f4d06089000-7f4d0608a000 r--p 00012000 00:12d8 4611686019135192571      /nix/store/gpxl5qgg8kicmcvivwmybwjlpf7wh20l-graalvm17-ce-22.3.0/lib/libnio.so
7f4d0608a000-7f4d0608b000 rw-p 00013000 00:12d8 4611686019135192571      /nix/store/gpxl5qgg8kicmcvivwmybwjlpf7wh20l-graalvm17-ce-22.3.0/lib/libnio.so
7f4d0608b000-7f4d06090000 rw-p 00019000 00:12d8 4611686019135192571      /nix/store/gpxl5qgg8kicmcvivwmybwjlpf7wh20l-graalvm17-ce-22.3.0/lib/libnio.so
7f4d06090000-7f4d07968000 rw-p 00000000 00:00 0 
7f4d07968000-7f4d07969000 ---p 00000000 00:00 0 
7f4d07969000-7f4d07b14000 rw-p 00000000 00:00 0 
7f4d07b14000-7f4d07b36000 rw-p 00000000 00:00 0 
7f4d07b36000-7f4d07b6a000 ---p 00000000 00:00 0 
7f4d07b6a000-7f4d07b71000 rw-p 00000000 00:00 0 
7f4d07b71000-7f4d07c56000 ---p 00000000 00:00 0 
7f4d07c56000-7f4d07c76000 rw-p 00000000 00:00 0 
7f4d07c76000-7f4d07d41000 ---p 00000000 00:00 0 
7f4d07d41000-7f4d07d46000 rw-p 00000000 00:00 0 
7f4d07d46000-7f4d07d4d000 ---p 00000000 00:00 0 
7f4d07d4d000-7f4d07d71000 r-xp 00000000 00:12d8 4611686019135190028      /nix/store/gpxl5qgg8kicmcvivwmybwjlpf7wh20l-graalvm17-ce-22.3.0/lib/libjava.so
7f4d07d71000-7f4d07d72000 ---p 00024000 00:12d8 4611686019135190028      /nix/store/gpxl5qgg8kicmcvivwmybwjlpf7wh20l-graalvm17-ce-22.3.0/lib/libjava.so
7f4d07d72000-7f4d07d73000 r--p 00024000 00:12d8 4611686019135190028      /nix/store/gpxl5qgg8kicmcvivwmybwjlpf7wh20l-graalvm17-ce-22.3.0/lib/libjava.so
7f4d07d73000-7f4d07d74000 rw-p 00025000 00:12d8 4611686019135190028      /nix/store/gpxl5qgg8kicmcvivwmybwjlpf7wh20l-graalvm17-ce-22.3.0/lib/libjava.so
7f4d07d74000-7f4d07d75000 rw-p 00000000 00:00 0 
7f4d07d75000-7f4d07d7c000 rw-p 0002f000 00:12d8 4611686019135190028      /nix/store/gpxl5qgg8kicmcvivwmybwjlpf7wh20l-graalvm17-ce-22.3.0/lib/libjava.so
7f4d07d7c000-7f4d07d84000 rw-s 00000000 00:115b 363                      /tmp/hsperfdata_runner/21
7f4d07d84000-7f4d07d85000 ---p 00000000 00:00 0 
7f4d07d85000-7f4d07d86000 r--p 00000000 00:00 0 
7f4d07d86000-7f4d07d87000 rwxp 00000000 00:00 0 
7f4d07d87000-7f4d07da2000 r-xp 00000000 00:12d8 4611686019135190032      /nix/store/gpxl5qgg8kicmcvivwmybwjlpf7wh20l-graalvm17-ce-22.3.0/lib/libjimage.so
7f4d07da2000-7f4d07da3000 ---p 0001b000 00:12d8 4611686019135190032      /nix/store/gpxl5qgg8kicmcvivwmybwjlpf7wh20l-graalvm17-ce-22.3.0/lib/libjimage.so
7f4d07da3000-7f4d07da5000 r--p 0001b000 00:12d8 4611686019135190032      /nix/store/gpxl5qgg8kicmcvivwmybwjlpf7wh20l-graalvm17-ce-22.3.0/lib/libjimage.so
7f4d07da5000-7f4d07da6000 rw-p 0001d000 00:12d8 4611686019135190032      /nix/store/gpxl5qgg8kicmcvivwmybwjlpf7wh20l-graalvm17-ce-22.3.0/lib/libjimage.so
7f4d07da6000-7f4d07da7000 rw-p 00024000 00:12d8 4611686019135190032      /nix/store/gpxl5qgg8kicmcvivwmybwjlpf7wh20l-graalvm17-ce-22.3.0/lib/libjimage.so
7f4d07da7000-7f4d07dab000 ---p 00000000 00:00 0 
7f4d07dab000-7f4d07ea7000 rw-p 00000000 00:00 0 
7f4d07ea7000-7f4d07eb5000 r--p 00000000 00:12d8 4611686019027979927      /nix/store/4nlgxhb09sdr51nc9hdm8az5b08vzkgx-glibc-2.35-163/lib/libm.so.6
7f4d07eb5000-7f4d07f28000 r-xp 0000e000 00:12d8 4611686019027979927      /nix/store/4nlgxhb09sdr51nc9hdm8az5b08vzkgx-glibc-2.35-163/lib/libm.so.6
7f4d07f28000-7f4d07f85000 r--p 00081000 00:12d8 4611686019027979927      /nix/store/4nlgxhb09sdr51nc9hdm8az5b08vzkgx-glibc-2.35-163/lib/libm.so.6
7f4d07f85000-7f4d07f86000 r--p 000dd000 00:12d8 4611686019027979927      /nix/store/4nlgxhb09sdr51nc9hdm8az5b08vzkgx-glibc-2.35-163/lib/libm.so.6
7f4d07f86000-7f4d07f87000 rw-p 000de000 00:12d8 4611686019027979927      /nix/store/4nlgxhb09sdr51nc9hdm8az5b08vzkgx-glibc-2.35-163/lib/libm.so.6
7f4d07f87000-7f4d07f88000 r--p 00000000 00:12d8 4611686019027979946      /nix/store/4nlgxhb09sdr51nc9hdm8az5b08vzkgx-glibc-2.35-163/lib/librt.so.1
7f4d07f88000-7f4d07f89000 r-xp 00001000 00:12d8 4611686019027979946      /nix/store/4nlgxhb09sdr51nc9hdm8az5b08vzkgx-glibc-2.35-163/lib/librt.so.1
7f4d07f89000-7f4d07f8a000 r--p 00002000 00:12d8 4611686019027979946      /nix/store/4nlgxhb09sdr51nc9hdm8az5b08vzkgx-glibc-2.35-163/lib/librt.so.1
7f4d07f8a000-7f4d07f8b000 r--p 00002000 00:12d8 4611686019027979946      /nix/store/4nlgxhb09sdr51nc9hdm8az5b08vzkgx-glibc-2.35-163/lib/librt.so.1
7f4d07f8b000-7f4d07f8c000 rw-p 00003000 00:12d8 4611686019027979946      /nix/store/4nlgxhb09sdr51nc9hdm8az5b08vzkgx-glibc-2.35-163/lib/librt.so.1
7f4d07f8c000-7f4d0909f000 r-xp 00000000 00:12d8 4611686019135360866      /nix/store/gpxl5qgg8kicmcvivwmybwjlpf7wh20l-graalvm17-ce-22.3.0/lib/server/libjvm.so
7f4d0909f000-7f4d090a0000 ---p 01113000 00:12d8 4611686019135360866      /nix/store/gpxl5qgg8kicmcvivwmybwjlpf7wh20l-graalvm17-ce-22.3.0/lib/server/libjvm.so
7f4d090a0000-7f4d09155000 r--p 01113000 00:12d8 4611686019135360866      /nix/store/gpxl5qgg8kicmcvivwmybwjlpf7wh20l-graalvm17-ce-22.3.0/lib/server/libjvm.so
7f4d09155000-7f4d09189000 rw-p 011c8000 00:12d8 4611686019135360866      /nix/store/gpxl5qgg8kicmcvivwmybwjlpf7wh20l-graalvm17-ce-22.3.0/lib/server/libjvm.so
7f4d09189000-7f4d091e5000 rw-p 00000000 00:00 0 
7f4d091e5000-7f4d0920d000 r--p 00000000 00:12d8 4611686019027979918      /nix/store/4nlgxhb09sdr51nc9hdm8az5b08vzkgx-glibc-2.35-163/lib/libc.so.6
7f4d0920d000-7f4d09383000 r-xp 00028000 00:12d8 4611686019027979918      /nix/store/4nlgxhb09sdr51nc9hdm8az5b08vzkgx-glibc-2.35-163/lib/libc.so.6
7f4d09383000-7f4d093db000 r--p 0019e000 00:12d8 4611686019027979918      /nix/store/4nlgxhb09sdr51nc9hdm8az5b08vzkgx-glibc-2.35-163/lib/libc.so.6
7f4d093db000-7f4d093df000 r--p 001f6000 00:12d8 4611686019027979918      /nix/store/4nlgxhb09sdr51nc9hdm8az5b08vzkgx-glibc-2.35-163/lib/libc.so.6
7f4d093df000-7f4d093e1000 rw-p 001fa000 00:12d8 4611686019027979918      /nix/store/4nlgxhb09sdr51nc9hdm8az5b08vzkgx-glibc-2.35-163/lib/libc.so.6
7f4d093e1000-7f4d093f0000 rw-p 00000000 00:00 0 
7f4d093f0000-7f4d093f1000 r--p 00000000 00:12d8 4611686019027979923      /nix/store/4nlgxhb09sdr51nc9hdm8az5b08vzkgx-glibc-2.35-163/lib/libdl.so.2
7f4d093f1000-7f4d093f2000 r-xp 00001000 00:12d8 4611686019027979923      /nix/store/4nlgxhb09sdr51nc9hdm8az5b08vzkgx-glibc-2.35-163/lib/libdl.so.2
7f4d093f2000-7f4d093f3000 r--p 00002000 00:12d8 4611686019027979923      /nix/store/4nlgxhb09sdr51nc9hdm8az5b08vzkgx-glibc-2.35-163/lib/libdl.so.2
7f4d093f3000-7f4d093f4000 r--p 00002000 00:12d8 4611686019027979923      /nix/store/4nlgxhb09sdr51nc9hdm8az5b08vzkgx-glibc-2.35-163/lib/libdl.so.2
7f4d093f4000-7f4d093f5000 rw-p 00003000 00:12d8 4611686019027979923      /nix/store/4nlgxhb09sdr51nc9hdm8az5b08vzkgx-glibc-2.35-163/lib/libdl.so.2
7f4d093f5000-7f4d093f6000 r--p 00000000 00:12d8 4611686019027979942      /nix/store/4nlgxhb09sdr51nc9hdm8az5b08vzkgx-glibc-2.35-163/lib/libpthread.so.0
7f4d093f6000-7f4d093f7000 r-xp 00001000 00:12d8 4611686019027979942      /nix/store/4nlgxhb09sdr51nc9hdm8az5b08vzkgx-glibc-2.35-163/lib/libpthread.so.0
7f4d093f7000-7f4d093f8000 r--p 00002000 00:12d8 4611686019027979942      /nix/store/4nlgxhb09sdr51nc9hdm8az5b08vzkgx-glibc-2.35-163/lib/libpthread.so.0
7f4d093f8000-7f4d093f9000 r--p 00002000 00:12d8 4611686019027979942      /nix/store/4nlgxhb09sdr51nc9hdm8az5b08vzkgx-glibc-2.35-163/lib/libpthread.so.0
7f4d093f9000-7f4d093fa000 rw-p 00003000 00:12d8 4611686019027979942      /nix/store/4nlgxhb09sdr51nc9hdm8az5b08vzkgx-glibc-2.35-163/lib/libpthread.so.0
7f4d093fa000-7f4d09408000 r-xp 00000000 00:12d8 4611686019135190033      /nix/store/gpxl5qgg8kicmcvivwmybwjlpf7wh20l-graalvm17-ce-22.3.0/lib/libjli.so
7f4d09408000-7f4d09409000 ---p 0000e000 00:12d8 4611686019135190033      /nix/store/gpxl5qgg8kicmcvivwmybwjlpf7wh20l-graalvm17-ce-22.3.0/lib/libjli.so
7f4d09409000-7f4d0940a000 r--p 0000e000 00:12d8 4611686019135190033      /nix/store/gpxl5qgg8kicmcvivwmybwjlpf7wh20l-graalvm17-ce-22.3.0/lib/libjli.so
7f4d0940a000-7f4d0940b000 rw-p 0000f000 00:12d8 4611686019135190033      /nix/store/gpxl5qgg8kicmcvivwmybwjlpf7wh20l-graalvm17-ce-22.3.0/lib/libjli.so
7f4d0940b000-7f4d0940c000 rw-p 00012000 00:12d8 4611686019135190033      /nix/store/gpxl5qgg8kicmcvivwmybwjlpf7wh20l-graalvm17-ce-22.3.0/lib/libjli.so
7f4d0940c000-7f4d0940f000 r--p 00000000 00:12d8 4611686019106210071      /nix/store/026hln0aq1hyshaxsdvhg0kmcm6yf45r-zlib-1.2.13/lib/libz.so.1.2.13
7f4d0940f000-7f4d09421000 r-xp 00003000 00:12d8 4611686019106210071      /nix/store/026hln0aq1hyshaxsdvhg0kmcm6yf45r-zlib-1.2.13/lib/libz.so.1.2.13
7f4d09421000-7f4d09428000 r--p 00015000 00:12d8 4611686019106210071      /nix/store/026hln0aq1hyshaxsdvhg0kmcm6yf45r-zlib-1.2.13/lib/libz.so.1.2.13
7f4d09428000-7f4d09429000 r--p 0001b000 00:12d8 4611686019106210071      /nix/store/026hln0aq1hyshaxsdvhg0kmcm6yf45r-zlib-1.2.13/lib/libz.so.1.2.13
7f4d09429000-7f4d0942a000 rw-p 0001c000 00:12d8 4611686019106210071      /nix/store/026hln0aq1hyshaxsdvhg0kmcm6yf45r-zlib-1.2.13/lib/libz.so.1.2.13
7f4d0942a000-7f4d0942c000 rw-p 00000000 00:00 0 
7f4d0942c000-7f4d0942e000 r--p 00000000 00:12d8 4611686019027979912      /nix/store/4nlgxhb09sdr51nc9hdm8az5b08vzkgx-glibc-2.35-163/lib/ld-linux-x86-64.so.2
7f4d0942e000-7f4d09455000 r-xp 00002000 00:12d8 4611686019027979912      /nix/store/4nlgxhb09sdr51nc9hdm8az5b08vzkgx-glibc-2.35-163/lib/ld-linux-x86-64.so.2
7f4d09455000-7f4d09461000 r--p 00029000 00:12d8 4611686019027979912      /nix/store/4nlgxhb09sdr51nc9hdm8az5b08vzkgx-glibc-2.35-163/lib/ld-linux-x86-64.so.2
7f4d09461000-7f4d09463000 r--p 00034000 00:12d8 4611686019027979912      /nix/store/4nlgxhb09sdr51nc9hdm8az5b08vzkgx-glibc-2.35-163/lib/ld-linux-x86-64.so.2
7f4d09463000-7f4d09465000 rw-p 00036000 00:12d8 4611686019027979912      /nix/store/4nlgxhb09sdr51nc9hdm8az5b08vzkgx-glibc-2.35-163/lib/ld-linux-x86-64.so.2
7ffd901f2000-7ffd90217000 rw-p 00000000 00:00 0                          [stack]
7ffd90339000-7ffd9033d000 r--p 00000000 00:00 0                          [vvar]
7ffd9033d000-7ffd9033f000 r-xp 00000000 00:00 0                          [vdso]
ffffffffff600000-ffffffffff601000 --xp 00000000 00:00 0                  [vsyscall]


VM Arguments:
jvm_args: -XX:ThreadPriorityPolicy=1 -XX:+UnlockExperimentalVMOptions -XX:+EnableJVMCIProduct -XX:JVMCIThreadsPerNativeLibraryRuntime=1 -XX:-UnlockExperimentalVMOptions -Declipse.application=org.eclipse.jdt.ls.core.id1 -Dosgi.bundles.defaultStartLevel=4 -Declipse.product=org.eclipse.jdt.ls.core.product -Dlog.level=ALL -Xverify:none -XX:+UseParallelGC -XX:GCTimeRatio=4 -XX:AdaptiveSizePolicyWeight=90 -Dsun.zip.disableMemoryMapping=true -Xmx512m -Xms100m 
java_command: /nix/store/m6gcpi1ii6rghy04cjwjddcavv7i90df-jdt-language-server-1.9.0/share/java/plugins/org.eclipse.equinox.launcher_1.6.400.v20210924-0641.jar --add-modules=ALL-SYSTEM --add-opens java.base/java.util=ALL-UNNAMED --add-opens java.base/java.lang=ALL-UNNAMED -configuration /home/runner/.cache/jdt-language-server/config -data /home/runner/.cache/jdt-language-server/data/home/runner/parcial-3
java_class_path (initial): /nix/store/m6gcpi1ii6rghy04cjwjddcavv7i90df-jdt-language-server-1.9.0/share/java/plugins/org.eclipse.equinox.launcher_1.6.400.v20210924-0641.jar
Launcher Type: SUN_STANDARD

[Global flags]
    uintx AdaptiveSizePolicyWeight                 = 90                                        {product} {command line}
     intx CICompilerCount                          = 2                                         {product} {ergonomic}
     bool EnableJVMCIProduct                       = true                                {JVMCI product} {jimage}
    uintx GCTimeRatio                              = 4                                         {product} {command line}
   size_t InitialHeapSize                          = 104857600                                 {product} {command line}
     uint JVMCIThreadsPerNativeLibraryRuntime      = 1                                   {JVMCI product} {jimage}
   size_t MaxHeapSize                              = 536870912                                 {product} {command line}
   size_t MaxNewSize                               = 178782208                                 {product} {ergonomic}
   size_t MinHeapDeltaBytes                        = 524288                                    {product} {ergonomic}
   size_t MinHeapSize                              = 104857600                                 {product} {command line}
   size_t NewSize                                  = 34603008                                  {product} {ergonomic}
    uintx NonNMethodCodeHeapSize                   = 5826188                                {pd product} {ergonomic}
    uintx NonProfiledCodeHeapSize                  = 122916026                              {pd product} {ergonomic}
   size_t OldSize                                  = 70254592                                  {product} {ergonomic}
    uintx ProfiledCodeHeapSize                     = 122916026                              {pd product} {ergonomic}
    uintx ReservedCodeCacheSize                    = 251658240                              {pd product} {ergonomic}
     bool SegmentedCodeCache                       = true                                      {product} {ergonomic}
   size_t SoftMaxHeapSize                          = 536870912                              {manageable} {ergonomic}
     intx ThreadPriorityPolicy                     = 1                                         {product} {jimage}
     bool UseCompressedClassPointers               = true                           {product lp64_product} {ergonomic}
     bool UseCompressedOops                        = true                           {product lp64_product} {ergonomic}
     bool UseParallelGC                            = true                                      {product} {command line}

Logging:
Log output configuration:
 #0: stdout all=warning uptime,level,tags
 #1: stderr all=off uptime,level,tags

Environment Variables:
JAVA_HOME=/nix/store/gpxl5qgg8kicmcvivwmybwjlpf7wh20l-graalvm17-ce-22.3.0
PATH=/nix/store/1d6ian3r8kdzspw8hacjhl3xkp40g1lj-binutils-wrapper-2.39/bin:/nix/store/dq0xwmsk1g0i2ayg6pb7y87na2knzylh-gcc-wrapper-11.3.0/bin:/nix/store/bap4d0lpcrhpwmpb8ayjcgkmvfj62lnq-bash-interactive-5.1-p16/bin:/nix/store/pr5n59mb4jzmfx6kanwxly0l07p861fg-patchelf-0.15.0/bin:/nix/store/1gf2flfqnpqbr1b4p4qz2f72y42bs56r-gcc-11.3.0/bin:/nix/store/57xv61c5zi8pphjbcwxxjlgc34p61ic9-glibc-2.35-163-bin/bin:/nix/store/a7gvj343m05j2s32xcnwr35v31ynlypr-coreutils-9.1/bin:/nix/store/039g378vc3pc3dvi9dzdlrd0i4q93qwf-binutils-2.39/bin:/nix/store/gpxl5qgg8kicmcvivwmybwjlpf7wh20l-graalvm17-ce-22.3.0/bin:/nix/store/6z9ag3ihc8mq2hzsw48lhbznvzny65nz-apache-maven-3.8.6/bin:/nix/store/m6gcpi1ii6rghy04cjwjddcavv7i90df-jdt-language-server-1.9.0/bin:/nix/store/84xs5alhs01zrbr4ywm05kxbjbp5590l-java-debug/bin:/nix/store/mydc6f4k2z73xlcz7ilif3v2lcaiqvza-findutils-4.9.0/bin:/nix/store/j9p3g8472iijd50vhdprx0nmk2fqn5gv-diffutils-3.8/bin:/nix/store/89zs7rms6x00xfq4dq6m7mjnhkr8a6r4-gnused-4.8/bin:/nix/store/86bp03jkmsl6f92w0yzg4s59g5mhxwmy-gnugrep-3.7/bin:/nix/store/hwcdqw4jrjnd37wxqgsd47hd0j8bnj09-gawk-5.1.1/bin:/nix/store/cfbhw8r8ags41vwqaz47r583d0p4h4a1-gnutar-1.34/bin:/nix/store/p3m1ndl1lapwrlh698bnb5lvvxh67378-gzip-1.12/bin:/nix/store/a8mhcagrsly7c7mpjrpsnaahk4aax056-bzip2-1.0.8-bin/bin:/nix/store/mblgz65m3zv9x548a3d5m96fj2pbwr09-gnumake-4.3/bin:/nix/store/dsd5gz46hdbdk2rfdimqddhq6m8m8fqs-bash-5.1-p16/bin:/nix/store/v7ljksji50mg3w61dykaa3n3y79n6nil-patch-2.7.6/bin:/nix/store/zlcnmqq14jz5x9439jf937mvayyl63da-xz-5.2.7-bin/bin:/nix/store/y6aj732zm9m87c82fpvf103a1xb22blp-file-5.43/bin:/nix/store/i4kzir3m7mrisxmf5xvlnkw01x4qaqr4-prybar-elisp-0.0.0-e0d9a52/bin:/nix/store/lwwivxf6h7x3cvxp9zv8sj0mv7dak99r-prybar-lua-0.0.0-e0d9a52/bin:/nix/store/gxj28g1cg4hq3qanmjv07156h800qr58-prybar-python3-0.0.0-e0d9a52/bin:/nix/store/hshkjnxrgidigf8x75vg6lqng2xlx9i3-prybar-sqlite-0.0.0-e0d9a52/bin:/nix/store/c4w01bpjgyy5ixmwdk8m1pw87zq4sl26-prybar-tcl-0.0.0-e0d9a52/bin:/nix/store/hpbvrlwd5viqmvcaisb3x0118i913a9n-st
LD_LIBRARY_PATH=/nix/store/a4pff549sk2idnkpzk5nsfps3mdkdnvm-cups-2.4.2-lib/lib:/nix/store/72mqxxhh3cy5yifh92wh2yb8cl2hikyy-cairo-1.16.0/lib:/nix/store/2k366jrbsra97gjfxwvrhvixjfxdach5-glib-2.74.1/lib:/nix/store/2j2znigd8ak37rlwh9khz0ry3clqlw1l-gtk+3-3.24.34/lib:/nix/store/hisqvx32cd57apbpcsnkpx6k3549wql1-libglvnd-1.4.0/lib:/nix/store/p36pgcv991mq5srvg765b78yqpxvk3qs-mesa-21.3.3-drivers/lib:/nix/store/mav4251if1ahjq5vkpwycyyvnmy459c4-pulseaudio-14.2/lib
DISPLAY=:0
LANG=en_US.UTF-8

Signal Handlers:
   SIGSEGV: crash_handler in libjvm.so, mask=11100100010111111101111111111110, flags=SA_RESTART|SA_SIGINFO
    SIGBUS: crash_handler in libjvm.so, mask=11100100010111111101111111111110, flags=SA_RESTART|SA_SIGINFO
    SIGFPE: crash_handler in libjvm.so, mask=11100100010111111101111111111110, flags=SA_RESTART|SA_SIGINFO
   SIGPIPE: IsolateEnterStub_IgnoreSIGPIPEStartupHook_noopSignalHandler_8f19bff2f35b5f630d83b364d6b2339320d4ec70_216e8361c6bc87a8f89f58cc10d3b2fd4415bf87 in libjvmcicompiler.so, mask=00000000000000000000000000000000, flags=SA_RESTART
  *** Handler was modified!
  *** Expected: javaSignalHandler in libjvm.so, mask=11100100110111111111111111111110, flags=SA_RESTART|SA_SIGINFO
   SIGXFSZ: javaSignalHandler in libjvm.so, mask=11100100010111111101111111111110, flags=SA_RESTART|SA_SIGINFO
    SIGILL: crash_handler in libjvm.so, mask=11100100010111111101111111111110, flags=SA_RESTART|SA_SIGINFO
   SIGUSR2: SR_handler in libjvm.so, mask=00000000000000000000000000000000, flags=SA_RESTART|SA_SIGINFO
    SIGHUP: UserHandler in libjvm.so, mask=11100100010111111101111111111110, flags=SA_RESTART|SA_SIGINFO
    SIGINT: UserHandler in libjvm.so, mask=11100100010111111101111111111110, flags=SA_RESTART|SA_SIGINFO
   SIGTERM: UserHandler in libjvm.so, mask=11100100010111111101111111111110, flags=SA_RESTART|SA_SIGINFO
   SIGQUIT: UserHandler in libjvm.so, mask=11100100010111111101111111111110, flags=SA_RESTART|SA_SIGINFO
  *** Handler was modified!
  *** Expected: javaSignalHandler in libjvm.so, mask=11100100110111111111111111111110, flags=SA_RESTART|SA_SIGINFO
   SIGTRAP: crash_handler in libjvm.so, mask=11100100010111111101111111111110, flags=SA_RESTART|SA_SIGINFO


---------------  S Y S T E M  ---------------

OS:
DISTRIB_ID=Ubuntu
DISTRIB_RELEASE=20.04
DISTRIB_CODENAME=focal
DISTRIB_DESCRIPTION="Ubuntu 20.04.2 LTS"
uname: Linux 5.19.0-1022-gcp #24~22.04.1-Ubuntu SMP Sun Apr 23 09:51:08 UTC 2023 x86_64
OS uptime: 0 days 21:47 hours
libc: glibc 2.35 NPTL 2.35 
rlimit (soft/hard): STACK 8192k/infinity , CORE infinity/infinity , NPROC infinity/infinity , NOFILE 5242/5242 , AS infinity/infinity , CPU infinity/infinity , DATA infinity/infinity , FSIZE infinity/infinity , MEMLOCK 8192k/8192k
load average: 24.36 21.95 20.12

/proc/meminfo:
MemTotal:       65852256 kB
MemFree:         5715324 kB
MemAvailable:   39616180 kB
Buffers:         4110076 kB
Cached:         28039496 kB
SwapCached:            0 kB
Active:         14319324 kB
Inactive:       41197744 kB
Active(anon):      18452 kB
Inactive(anon): 23131960 kB
Active(file):   14300872 kB
Inactive(file): 18065784 kB
Unevictable:       55764 kB
Mlocked:           55764 kB
SwapTotal:             0 kB
SwapFree:              0 kB
Zswap:                 0 kB
Zswapped:              0 kB
Dirty:              2344 kB
Writeback:             0 kB
AnonPages:      21866604 kB
Mapped:          1971832 kB
Shmem:             25684 kB
KReclaimable:    2260800 kB
Slab:            3477072 kB
SReclaimable:    2260800 kB
SUnreclaim:      1216272 kB
KernelStack:      448832 kB
PageTables:       208784 kB
NFS_Unstable:          0 kB
Bounce:                0 kB
WritebackTmp:          0 kB
CommitLimit:    32926128 kB
Committed_AS:   78286260 kB
VmallocTotal:   34359738367 kB
VmallocUsed:      495324 kB
VmallocChunk:          0 kB
Percpu:            59200 kB
HardwareCorrupted:     0 kB
AnonHugePages:   4091904 kB
ShmemHugePages:        0 kB
ShmemPmdMapped:        0 kB
FileHugePages:         0 kB
FilePmdMapped:         0 kB
HugePages_Total:       0
HugePages_Free:        0
HugePages_Rsvd:        0
HugePages_Surp:        0
Hugepagesize:       2048 kB
Hugetlb:               0 kB
DirectMap4k:     7957304 kB
DirectMap2M:    57051136 kB
DirectMap1G:     4194304 kB

/sys/kernel/mm/transparent_hugepage/enabled: always [madvise] never
/sys/kernel/mm/transparent_hugepage/defrag (defrag/compaction efforts parameter): always defer defer+madvise [madvise] never

Process Memory:
Virtual Size: 4854876K (peak: 4894528K)
Resident Set Size: 762856K (peak: 797136K) (anon: 564840K, file: 198016K, shmem: 0K)
Swapped out: 0K
C-Heap outstanding allocations: 43873K, retained: 15138K
glibc malloc tunables: (default)

/proc/sys/kernel/threads-max (system-wide limit on the number of threads): 514406
/proc/sys/vm/max_map_count (maximum number of memory map areas a process may have): 65530
/proc/sys/kernel/pid_max (system-wide limit on number of process identifiers): 4194304

container (cgroup) information:
container_type: cgroupv1
cpu_cpuset_cpus: 2-7
cpu_memory_nodes: 0
active_processor_count: 1
cpu_quota: 50000
cpu_period: 100000
cpu_shares: 512
memory_limit_in_bytes: 1048576 k
memory_and_swap_limit_in_bytes: 1048576 k
memory_soft_limit_in_bytes: 524288 k
memory_usage_in_bytes: 612964 k
memory_max_usage_in_bytes: 675620 k
maximum number of tasks: 1000
current number of tasks: 47

KVM virtualization detected
Steal ticks since vm start: 0
Steal ticks percentage since vm start:  0.000

CPU: total 8 (initial active 1) (8 cores per cpu, 2 threads per core) family 23 model 49 stepping 0 microcode 0xffffffff, cx8, cmov, fxsr, ht, mmx, 3dnowpref, sse, sse2, sse3, ssse3, sse4a, sse4.1, sse4.2, popcnt, lzcnt, tsc, tscinvbit, avx, avx2, aes, clmul, bmi1, bmi2, adx, sha, fma, vzeroupper, clflush, clflushopt, hv
CPU Model and flags from /proc/cpuinfo:
model name	: AMD EPYC 7B12
flags		: fpu vme de pse tsc msr pae mce cx8 apic sep mtrr pge mca cmov pat pse36 clflush mmx fxsr sse sse2 ht syscall nx mmxext fxsr_opt pdpe1gb rdtscp lm constant_tsc rep_good nopl nonstop_tsc cpuid extd_apicid tsc_known_freq pni pclmulqdq ssse3 fma cx16 sse4_1 sse4_2 movbe popcnt aes xsave avx f16c rdrand hypervisor lahf_lm cmp_legacy cr8_legacy abm sse4a misalignsse 3dnowprefetch osvw topoext ssbd ibrs ibpb stibp vmmcall fsgsbase tsc_adjust bmi1 avx2 smep bmi2 rdseed adx smap clflushopt clwb sha_ni xsaveopt xsavec xgetbv1 clzero xsaveerptr arat npt nrip_save umip rdpid

Online cpus: 0-7
Offline cpus: 
BIOS frequency limitation: <Not Available>
Frequency switch latency (ns): <Not Available>
Available cpu frequencies: <Not Available>
Current governor: <Not Available>
Core performance/turbo boost: <Not Available>

Memory: 4k page, physical 1048576k(435604k free), swap 0k(0k free)
Page Sizes: 4k

vm_info: OpenJDK 64-Bit Server VM (17.0.5+8-jvmci-22.3-b08) for linux-amd64 JRE (17.0.5+8-jvmci-22.3-b08), built on Oct 19 2022 09:01:27 by "buildslave" with gcc 10.3.0

END.
